2025-01-16 20:06:52,310 [INFO] Activator:176 - 


2025-01-16 20:06:52,315 [INFO] Activator:177 - !SESSION log4j initialized
2025-01-16 20:06:56,257 [INFO] LogOutputStream:77 - [STDOUT_REDIRECT] 
2025-01-16 20:07:02,047 [INFO] ApplicationProperties:184 - Using Application install path: C:\ST\STM32CubeIDE_1.14.1\STM32CubeIDE\plugins\com.st.stm32cube.common.mx_6.10.0.202311202037
2025-01-16 20:07:02,062 [INFO] DbMcusXml:78 - Set database path to: C:\ST\STM32CubeIDE_1.14.1\STM32CubeIDE\plugins\com.st.stm32cube.common.mx_6.10.0.202311202037\\db\/mcu/
2025-01-16 20:07:02,062 [INFO] ApiDb:274 - Set plugin database path to: C:\ST\STM32CubeIDE_1.14.1\STM32CubeIDE\plugins\com.st.stm32cube.common.mx_6.10.0.202311202037\\db\/plugins/boardmanager/
2025-01-16 20:07:02,070 [WARN] ApiDb:259 - Overriding images path with different value:  => C:\ST\STM32CubeIDE_1.14.1\STM32CubeIDE\plugins\com.st.stm32cube.common.mx_6.10.0.202311202037\\db\/plugins/mcufinder/images/
2025-01-16 20:07:02,077 [INFO] ApiDb:250 - Set database path to: C:\Users\Mahadevan\.stmcufinder\plugins\mcufinder//mcu/
2025-01-16 20:07:02,078 [INFO] DbMcusAds:125 - Set database path to: C:\Users\Mahadevan\.stmcufinder\plugins\mcufinder//mcu/
2025-01-16 20:07:02,080 [INFO] CrossReferenceDbSqlite:203 - Set database path to: C:\Users\Mahadevan\.stmcufinder\plugins\mcufinder//mcu/cs/
2025-01-16 20:07:02,176 [INFO] RulesReader:64 - Compatibility file has been processed (297 Rules)
2025-01-16 20:07:02,262 [INFO] DbMcusXml:78 - Set database path to: C:\ST\STM32CubeIDE_1.14.1\STM32CubeIDE\plugins\com.st.stm32cube.common.mx_6.10.0.202311202037\\db\/mcu/
2025-01-16 20:07:02,262 [INFO] ApiDb:274 - Set plugin database path to: C:\ST\STM32CubeIDE_1.14.1\STM32CubeIDE\plugins\com.st.stm32cube.common.mx_6.10.0.202311202037\\db\/plugins/boardmanager/
2025-01-16 20:07:02,262 [INFO] ApiDb:261 - Set plugin images path to: C:\ST\STM32CubeIDE_1.14.1\STM32CubeIDE\plugins\com.st.stm32cube.common.mx_6.10.0.202311202037\\db\/plugins/mcufinder/images/
2025-01-16 20:07:02,263 [WARN] DbFile:41 - Overriding database path with different value: C:\Users\Mahadevan\.stmcufinder\plugins\mcufinder/ => C:\Users\Mahadevan\.stmcufinder\plugins\mcufinder
2025-01-16 20:07:02,263 [INFO] ApiDb:250 - Set database path to: C:\Users\Mahadevan\.stmcufinder\plugins\mcufinder//mcu/
2025-01-16 20:07:02,263 [WARN] DbFile:41 - Overriding database path with different value: C:\Users\Mahadevan\.stmcufinder\plugins\mcufinder/ => C:\Users\Mahadevan\.stmcufinder\plugins\mcufinder
2025-01-16 20:07:02,263 [INFO] DbMcusAds:125 - Set database path to: C:\Users\Mahadevan\.stmcufinder\plugins\mcufinder//mcu/
2025-01-16 20:07:02,263 [WARN] DbFile:41 - Overriding database path with different value: C:\Users\Mahadevan\.stmcufinder\plugins\mcufinder/ => C:\Users\Mahadevan\.stmcufinder\plugins\mcufinder
2025-01-16 20:07:02,263 [WARN] DbFile:41 - Overriding database path with different value: C:\Users\Mahadevan\.stmcufinder\plugins\mcufinder/ => C:\Users\Mahadevan\.stmcufinder\plugins\mcufinder
2025-01-16 20:07:02,263 [INFO] CrossReferenceDbSqlite:203 - Set database path to: C:\Users\Mahadevan\.stmcufinder\plugins\mcufinder//mcu/cs/
2025-01-16 20:07:02,330 [INFO] MainPanel:264 - HeapMemory: 268435456
2025-01-16 20:07:02,402 [INFO] DbMcusXml:78 - Set database path to: C:\ST\STM32CubeIDE_1.14.1\STM32CubeIDE\plugins\com.st.stm32cube.common.mx_6.10.0.202311202037\\db\/mcu/
2025-01-16 20:07:02,402 [INFO] ApiDb:274 - Set plugin database path to: C:\ST\STM32CubeIDE_1.14.1\STM32CubeIDE\plugins\com.st.stm32cube.common.mx_6.10.0.202311202037\\db\/plugins/boardmanager/
2025-01-16 20:07:02,403 [INFO] ApiDb:261 - Set plugin images path to: C:\ST\STM32CubeIDE_1.14.1\STM32CubeIDE\plugins\com.st.stm32cube.common.mx_6.10.0.202311202037\\db\/plugins/mcufinder/images/
2025-01-16 20:07:02,403 [WARN] DbFile:41 - Overriding database path with different value: C:\Users\Mahadevan\.stmcufinder\plugins\mcufinder/ => C:\Users\Mahadevan\.stmcufinder\plugins\mcufinder
2025-01-16 20:07:02,403 [INFO] ApiDb:250 - Set database path to: C:\Users\Mahadevan\.stmcufinder\plugins\mcufinder//mcu/
2025-01-16 20:07:02,403 [WARN] DbFile:41 - Overriding database path with different value: C:\Users\Mahadevan\.stmcufinder\plugins\mcufinder/ => C:\Users\Mahadevan\.stmcufinder\plugins\mcufinder
2025-01-16 20:07:02,403 [INFO] DbMcusAds:125 - Set database path to: C:\Users\Mahadevan\.stmcufinder\plugins\mcufinder//mcu/
2025-01-16 20:07:02,403 [WARN] DbFile:41 - Overriding database path with different value: C:\Users\Mahadevan\.stmcufinder\plugins\mcufinder/ => C:\Users\Mahadevan\.stmcufinder\plugins\mcufinder
2025-01-16 20:07:02,403 [WARN] DbFile:41 - Overriding database path with different value: C:\Users\Mahadevan\.stmcufinder\plugins\mcufinder/ => C:\Users\Mahadevan\.stmcufinder\plugins\mcufinder
2025-01-16 20:07:02,403 [INFO] CrossReferenceDbSqlite:203 - Set database path to: C:\Users\Mahadevan\.stmcufinder\plugins\mcufinder//mcu/cs/
2025-01-16 20:07:02,418 [INFO] ApplicationProperties:184 - Using Application install path: C:\ST\STM32CubeIDE_1.14.1\STM32CubeIDE\plugins\com.st.stm32cube.common.mx_6.10.0.202311202037
2025-01-16 20:07:02,419 [INFO] PluginManage:196 - Search for loadable plugins [exclusion list=, ]
2025-01-16 20:07:02,420 [INFO] PluginManage:310 - Check plugin analytics
2025-01-16 20:07:07,492 [INFO] AnalyticsPlugin:253 - Accepted Software Licenses: STM32CubeMX.6.13.0
2025-01-16 20:07:07,492 [INFO] AnalyticsPlugin:255 - Accepted CMSIS Pack Licenses: 
2025-01-16 20:07:07,492 [INFO] AnalyticsPlugin:257 - Accepted Firmware Licenses: FW.F4.1.28.0
2025-01-16 20:07:07,495 [INFO] PluginManage:359 - Loaded plugin analytics (category:tool,tabindex:-1)
2025-01-16 20:07:07,495 [INFO] PluginManage:310 - Check plugin cadmodel
2025-01-16 20:07:07,499 [INFO] CADModel:105 - Init CAD model plugin
2025-01-16 20:07:07,499 [INFO] PluginManage:359 - Loaded plugin cadmodel (category:power,tabindex:5)
2025-01-16 20:07:07,499 [INFO] PluginManage:310 - Check plugin clock
2025-01-16 20:07:07,508 [INFO] PluginManage:359 - Loaded plugin clock (category:base,tabindex:2)
2025-01-16 20:07:07,508 [INFO] PluginManage:310 - Check plugin ddr
2025-01-16 20:07:07,510 [INFO] PluginManage:359 - Loaded plugin ddr (category:tool,tabindex:6)
2025-01-16 20:07:07,510 [INFO] PluginManage:310 - Check plugin filemanager
2025-01-16 20:07:07,616 [INFO] PluginManage:359 - Loaded plugin filemanager (category:base,tabindex:10)
2025-01-16 20:07:07,616 [INFO] PluginManage:310 - Check plugin ipmanager
2025-01-16 20:07:07,621 [INFO] PluginManage:359 - Loaded plugin ipmanager (category:base,tabindex:5)
2025-01-16 20:07:07,621 [INFO] PluginManage:310 - Check plugin lpbam
2025-01-16 20:07:07,627 [INFO] PluginManage:359 - Loaded plugin lpbam (category:base,tabindex:0)
2025-01-16 20:07:07,627 [INFO] PluginManage:310 - Check plugin memorymap
2025-01-16 20:07:07,639 [INFO] PluginManage:359 - Loaded plugin memorymap (category:base,tabindex:4)
2025-01-16 20:07:07,640 [INFO] PluginManage:310 - Check plugin pinoutandconfiguration
2025-01-16 20:07:07,645 [INFO] PluginManage:359 - Loaded plugin pinoutandconfiguration (category:base,tabindex:1)
2025-01-16 20:07:07,645 [INFO] PluginManage:310 - Check plugin pinoutconfig
2025-01-16 20:07:07,709 [WARN] SupportedApi:132 - Cannot load RTOS API schema: s4s-elt-must-match.1: The content of 'definitions' must match (annotation?, (simpleType | complexType)?, (unique | key | keyref)*)). A problem was found starting at: attribute.
2025-01-16 20:07:07,805 [INFO] PluginManage:359 - Loaded plugin pinoutconfig (category:base,tabindex:0)
2025-01-16 20:07:07,805 [INFO] PluginManage:310 - Check plugin power
2025-01-16 20:07:07,813 [INFO] PluginManage:359 - Loaded plugin power (category:power,tabindex:4)
2025-01-16 20:07:07,813 [INFO] PluginManage:310 - Check plugin projectmanager
2025-01-16 20:07:07,825 [INFO] PluginManage:359 - Loaded plugin projectmanager (category:projectmanager,tabindex:3)
2025-01-16 20:07:07,826 [INFO] PluginManage:310 - Check plugin thirdparty
2025-01-16 20:07:07,921 [INFO] PluginManage:359 - Loaded plugin thirdparty (category:base,tabindex:-1)
2025-01-16 20:07:07,921 [WARN] IntegrityCheckThread:84 - waiting for thirdparty lock release [integrity check]
2025-01-16 20:07:07,921 [INFO] PluginManage:310 - Check plugin tools
2025-01-16 20:07:07,921 [INFO] IntegrityCheckThread:86 - entering critical section [integrity check]
2025-01-16 20:07:07,922 [INFO] ThirdPartyUpdaterWithRetryManager:70 - Updater plugin not ready yet. [1/15]
2025-01-16 20:07:07,923 [INFO] PluginManage:359 - Loaded plugin tools (category:base,tabindex:7)
2025-01-16 20:07:07,924 [INFO] PluginManage:310 - Check plugin tutovideos
2025-01-16 20:07:08,056 [INFO] PluginManage:359 - Loaded plugin tutovideos (category:base,tabindex:-1)
2025-01-16 20:07:08,056 [INFO] PluginManage:310 - Check plugin updater
2025-01-16 20:07:08,065 [INFO] PluginManage:359 - Loaded plugin updater (category:base,tabindex:12)
2025-01-16 20:07:08,065 [INFO] PluginManage:310 - Check plugin userauth
2025-01-16 20:07:08,070 [INFO] UserAuth:114 - Init User Auth plugin
2025-01-16 20:07:08,070 [INFO] PluginManage:359 - Loaded plugin userauth (category:base,tabindex:14)
2025-01-16 20:07:08,070 [INFO] PluginManage:283 - PluginManage : Loaded plugins [17]
2025-01-16 20:07:08,244 [INFO] PinOutPanel:1499 - setPackage(No Configuration,No Configuration)
2025-01-16 20:07:08,297 [INFO] CADModel:165 - CPN selected for project level
2025-01-16 20:07:08,297 [INFO] CADModel:114 - Register for checkConnection events
2025-01-16 20:07:08,310 [INFO] IPUIPlugin:80 - create IPUIPlugin
2025-01-16 20:07:08,311 [INFO] PluginManager:220 - loadIPPluginJar : add adc
2025-01-16 20:07:08,312 [INFO] IPUIPlugin:80 - create IPUIPlugin
2025-01-16 20:07:08,312 [INFO] PluginManager:220 - loadIPPluginJar : add aes
2025-01-16 20:07:08,314 [INFO] IPUIPlugin:80 - create IPUIPlugin
2025-01-16 20:07:08,314 [INFO] PluginManager:220 - loadIPPluginJar : add can
2025-01-16 20:07:08,315 [INFO] IPUIPlugin:80 - create IPUIPlugin
2025-01-16 20:07:08,316 [INFO] PluginManager:220 - loadIPPluginJar : add comp
2025-01-16 20:07:08,317 [INFO] IPUIPlugin:80 - create IPUIPlugin
2025-01-16 20:07:08,317 [INFO] PluginManager:220 - loadIPPluginJar : add cryp
2025-01-16 20:07:08,319 [INFO] IPUIPlugin:80 - create IPUIPlugin
2025-01-16 20:07:08,319 [INFO] PluginManager:220 - loadIPPluginJar : add dfsdm
2025-01-16 20:07:08,324 [INFO] IPUIPlugin:80 - create IPUIPlugin
2025-01-16 20:07:08,324 [INFO] PluginManager:220 - loadIPPluginJar : add dma
2025-01-16 20:07:08,325 [INFO] IPUIPlugin:80 - create IPUIPlugin
2025-01-16 20:07:08,325 [INFO] PluginManager:220 - loadIPPluginJar : add dma3
2025-01-16 20:07:08,326 [INFO] IPUIPlugin:80 - create IPUIPlugin
2025-01-16 20:07:08,326 [INFO] PluginManager:220 - loadIPPluginJar : add fatfs
2025-01-16 20:07:08,329 [INFO] IPUIPlugin:80 - create IPUIPlugin
2025-01-16 20:07:08,329 [INFO] PluginManager:220 - loadIPPluginJar : add fmc
2025-01-16 20:07:08,333 [INFO] IPUIPlugin:80 - create IPUIPlugin
2025-01-16 20:07:08,333 [INFO] PluginManager:220 - loadIPPluginJar : add freertos
2025-01-16 20:07:08,335 [INFO] IPUIPlugin:80 - create IPUIPlugin
2025-01-16 20:07:08,335 [INFO] PluginManager:220 - loadIPPluginJar : add genericplugin
2025-01-16 20:07:08,337 [INFO] IPUIPlugin:80 - create IPUIPlugin
2025-01-16 20:07:08,337 [INFO] PluginManager:220 - loadIPPluginJar : add gfxmmu
2025-01-16 20:07:08,340 [INFO] IPUIPlugin:80 - create IPUIPlugin
2025-01-16 20:07:08,340 [INFO] PluginManager:220 - loadIPPluginJar : add gic
2025-01-16 20:07:08,343 [INFO] IPUIPlugin:80 - create IPUIPlugin
2025-01-16 20:07:08,343 [INFO] PluginManager:220 - loadIPPluginJar : add gpio
2025-01-16 20:07:08,344 [INFO] IPUIPlugin:80 - create IPUIPlugin
2025-01-16 20:07:08,344 [INFO] PluginManager:220 - loadIPPluginJar : add gtzc
2025-01-16 20:07:08,346 [INFO] IPUIPlugin:80 - create IPUIPlugin
2025-01-16 20:07:08,347 [INFO] PluginManager:220 - loadIPPluginJar : add hash
2025-01-16 20:07:08,349 [INFO] IPUIPlugin:80 - create IPUIPlugin
2025-01-16 20:07:08,349 [INFO] PluginManager:220 - loadIPPluginJar : add i2c
2025-01-16 20:07:08,350 [INFO] IPUIPlugin:80 - create IPUIPlugin
2025-01-16 20:07:08,351 [INFO] PluginManager:220 - loadIPPluginJar : add i2s
2025-01-16 20:07:08,352 [INFO] IPUIPlugin:80 - create IPUIPlugin
2025-01-16 20:07:08,352 [INFO] PluginManager:220 - loadIPPluginJar : add i3c
2025-01-16 20:07:08,355 [INFO] IPUIPlugin:80 - create IPUIPlugin
2025-01-16 20:07:08,355 [INFO] PluginManager:220 - loadIPPluginJar : add ipddr
2025-01-16 20:07:08,361 [INFO] IPUIPlugin:80 - create IPUIPlugin
2025-01-16 20:07:08,361 [INFO] PluginManager:220 - loadIPPluginJar : add linkedlist
2025-01-16 20:07:08,363 [INFO] IPUIPlugin:80 - create IPUIPlugin
2025-01-16 20:07:08,363 [INFO] PluginManager:220 - loadIPPluginJar : add lorawan
2025-01-16 20:07:08,364 [INFO] IPUIPlugin:80 - create IPUIPlugin
2025-01-16 20:07:08,364 [INFO] PluginManager:220 - loadIPPluginJar : add ltdc
2025-01-16 20:07:08,368 [INFO] IPUIPlugin:80 - create IPUIPlugin
2025-01-16 20:07:08,368 [INFO] PluginManager:220 - loadIPPluginJar : add mdma
2025-01-16 20:07:08,370 [INFO] IPUIPlugin:80 - create IPUIPlugin
2025-01-16 20:07:08,370 [INFO] PluginManager:220 - loadIPPluginJar : add nvic
2025-01-16 20:07:08,372 [INFO] IPUIPlugin:80 - create IPUIPlugin
2025-01-16 20:07:08,372 [INFO] PluginManager:220 - loadIPPluginJar : add opamp
2025-01-16 20:07:08,374 [INFO] IPUIPlugin:80 - create IPUIPlugin
2025-01-16 20:07:08,375 [INFO] PluginManager:220 - loadIPPluginJar : add openamp
2025-01-16 20:07:08,377 [INFO] IPUIPlugin:80 - create IPUIPlugin
2025-01-16 20:07:08,377 [INFO] PluginManager:220 - loadIPPluginJar : add pdm2pcm
2025-01-16 20:07:08,380 [INFO] IPUIPlugin:80 - create IPUIPlugin
2025-01-16 20:07:08,382 [INFO] PluginManager:220 - loadIPPluginJar : add plateformsettings
2025-01-16 20:07:08,384 [INFO] IPUIPlugin:80 - create IPUIPlugin
2025-01-16 20:07:08,384 [INFO] PluginManager:220 - loadIPPluginJar : add quadspi
2025-01-16 20:07:08,386 [INFO] IPUIPlugin:80 - create IPUIPlugin
2025-01-16 20:07:08,386 [INFO] PluginManager:220 - loadIPPluginJar : add resmgrutility
2025-01-16 20:07:08,388 [INFO] IPUIPlugin:80 - create IPUIPlugin
2025-01-16 20:07:08,388 [INFO] PluginManager:220 - loadIPPluginJar : add sai
2025-01-16 20:07:08,390 [INFO] IPUIPlugin:80 - create IPUIPlugin
2025-01-16 20:07:08,390 [INFO] PluginManager:220 - loadIPPluginJar : add spi
2025-01-16 20:07:08,394 [INFO] IPUIPlugin:80 - create IPUIPlugin
2025-01-16 20:07:08,394 [INFO] PluginManager:220 - loadIPPluginJar : add stm32_wpan
2025-01-16 20:07:08,395 [INFO] IPUIPlugin:80 - create IPUIPlugin
2025-01-16 20:07:08,395 [INFO] PluginManager:220 - loadIPPluginJar : add tim
2025-01-16 20:07:08,397 [INFO] IPUIPlugin:80 - create IPUIPlugin
2025-01-16 20:07:08,397 [INFO] PluginManager:220 - loadIPPluginJar : add touchsensing
2025-01-16 20:07:08,398 [INFO] IPUIPlugin:80 - create IPUIPlugin
2025-01-16 20:07:08,398 [INFO] PluginManager:220 - loadIPPluginJar : add tracer_emb
2025-01-16 20:07:08,400 [INFO] IPUIPlugin:80 - create IPUIPlugin
2025-01-16 20:07:08,400 [INFO] PluginManager:220 - loadIPPluginJar : add ts
2025-01-16 20:07:08,401 [INFO] IPUIPlugin:80 - create IPUIPlugin
2025-01-16 20:07:08,401 [INFO] PluginManager:220 - loadIPPluginJar : add tsc
2025-01-16 20:07:08,402 [INFO] IPUIPlugin:80 - create IPUIPlugin
2025-01-16 20:07:08,402 [INFO] PluginManager:220 - loadIPPluginJar : add ucpd
2025-01-16 20:07:08,404 [INFO] IPUIPlugin:80 - create IPUIPlugin
2025-01-16 20:07:08,404 [INFO] PluginManager:220 - loadIPPluginJar : add usart
2025-01-16 20:07:08,406 [INFO] IPUIPlugin:80 - create IPUIPlugin
2025-01-16 20:07:08,407 [INFO] PluginManager:220 - loadIPPluginJar : add usbx
2025-01-16 20:07:08,520 [INFO] CADModel:165 - CPN selected for project level
2025-01-16 20:07:08,520 [INFO] CADModel:114 - Register for checkConnection events
2025-01-16 20:07:08,521 [FATAL] Updater:308 - Updater called before beeing initialized
2025-01-16 20:07:08,521 [ERROR] CADModel:125 - Updater not yet initialized, retry later 
2025-01-16 20:07:08,626 [INFO] CADModel:165 - CPN selected for project level
2025-01-16 20:07:08,626 [INFO] CADModel:114 - Register for checkConnection events
2025-01-16 20:07:08,626 [FATAL] Updater:308 - Updater called before beeing initialized
2025-01-16 20:07:08,626 [ERROR] CADModel:125 - Updater not yet initialized, retry later 
2025-01-16 20:07:08,628 [FATAL] Updater:308 - Updater called before beeing initialized
2025-01-16 20:07:08,706 [FATAL] Updater:308 - Updater called before beeing initialized
2025-01-16 20:07:08,709 [INFO] DbMcusAds:53 - JSON generation date=Tue Dec 17 21:31:15 IST 2024 (1734451275222)
2025-01-16 20:07:08,709 [FATAL] Updater:308 - Updater called before beeing initialized
2025-01-16 20:07:08,740 [WARN] DetailPanel:346 - Failed to get advertising image, set to default
2025-01-16 20:07:08,822 [FATAL] Updater:308 - Updater called before beeing initialized
2025-01-16 20:07:08,823 [FATAL] Updater:308 - Updater called before beeing initialized
2025-01-16 20:07:08,824 [FATAL] Updater:308 - Updater called before beeing initialized
2025-01-16 20:07:08,824 [WARN] DetailPanel:346 - Failed to get advertising image, set to default
2025-01-16 20:07:08,824 [FATAL] Updater:308 - Updater called before beeing initialized
2025-01-16 20:07:08,876 [ERROR] Updater:1120 - MainUpdater not yet initialized. External WinMGr cannot be set.
2025-01-16 20:07:08,878 [INFO] Updater:1056 - Updater Version found : 6.10.0
2025-01-16 20:07:08,893 [INFO] ApplicationProperties:184 - Using Application install path: C:\ST\STM32CubeIDE_1.14.1\STM32CubeIDE\plugins\com.st.stm32cube.common.mx_6.10.0.202311202037
2025-01-16 20:07:10,466 [ERROR] LogOutputStream:75 - [STDERR_REDIRECT] Jan 16, 2025 8:07:10 PM java.util.prefs.WindowsPreferences <init>
2025-01-16 20:07:10,467 [ERROR] LogOutputStream:75 - [STDERR_REDIRECT] WARNING: Could not open/create prefs root node Software\JavaSoft\Prefs at root 0xffffffff80000002. Windows RegCreateKeyEx(...) returned error code 5.
2025-01-16 20:07:10,467 [ERROR] LogOutputStream:75 - [STDERR_REDIRECT] 
2025-01-16 20:07:10,484 [INFO] MainUpdater:526 - Copy updater definitions from MX database
2025-01-16 20:07:10,667 [INFO] MainUpdater:2873 - connection check result : 10
2025-01-16 20:07:10,668 [INFO] MainUpdater:3567 - Updater definition file requires update
2025-01-16 20:07:10,668 [INFO] MainUpdater:290 - Updater Check For Update Now.
2025-01-16 20:07:10,668 [INFO] MicroXplorer:498 - Change Database Version : DB.6.0.100
2025-01-16 20:07:10,673 [INFO] McuFinderGlobals:63 - Set McuFinder mode to 2 (CubeIDE integrated)
2025-01-16 20:07:10,700 [INFO] ServerAccessManage:473 - Download File updaters.zip
2025-01-16 20:07:10,775 [INFO] FileExtend:240 - Unzip File : updaters.zip
2025-01-16 20:07:10,775 [INFO] FileExtend:255 - Standard Zip Deflate
2025-01-16 20:07:10,816 [INFO] UserAuth:404 - Internet connection configuration mode: 1
2025-01-16 20:07:10,829 [INFO] JxBrowserEngine:152 - Initiate JxBrowser Engine with user profile folder
2025-01-16 20:07:10,923 [WARN] MainUpdater:1194 - Updater busy. Cannot search thirdparties
2025-01-16 20:07:10,923 [INFO] ThirdPartyUpdaterWithRetryManager:96 - Updater plugin is busy. [1/15]
2025-01-16 20:07:10,992 [INFO] ServerAccessManage:473 - Download File PacksControlFlags.xml
2025-01-16 20:07:11,047 [INFO] ServerAccessManage:473 - Download File cubemx.pidx
2025-01-16 20:07:11,138 [INFO] LoadServerUpdatesThread:375 - End of LoadServerUpdate Thread
2025-01-16 20:07:11,286 [INFO] CheckServerUpdateThread:120 - End of CheckServer Thread
2025-01-16 20:07:11,456 [INFO] WebApp:161 - Instantiating new browser for Auth
2025-01-16 20:07:11,928 [INFO] WebApp:780 - Register for checkConnection events
2025-01-16 20:07:11,928 [INFO] WebApp:414 - Apply proxy settings
2025-01-16 20:07:11,928 [INFO] WebApp:499 - Chromium requires no authentication
2025-01-16 20:07:11,934 [INFO] WebApp:442 - Direct internet connection detected
2025-01-16 20:07:12,056 [INFO] WebApp:192 - Starting web application
2025-01-16 20:07:12,057 [INFO] WebApp:544 - Web application path used C:\ST\STM32CubeIDE_1.14.1\STM32CubeIDE\plugins\com.st.stm32cube.common.mx_6.10.0.202311202037\db\plugins\mcufinder\reactClient1\index.html
2025-01-16 20:07:14,087 [WARN] PackLoader:240 - Cannot read IP mode file for STMicroelectronics.FP-SNS-MOTENVWB1.1.4.0
2025-01-16 20:07:14,094 [WARN] PackLoader:240 - Cannot read IP mode file for STMicroelectronics.FP-ATR-ASTRA1.2.0.1
2025-01-16 20:07:14,100 [WARN] PackLoader:240 - Cannot read IP mode file for STMicroelectronics.X-CUBE-SMBUS.2.1.0
2025-01-16 20:07:14,107 [WARN] PackLoader:240 - Cannot read IP mode file for STMicroelectronics.X-CUBE-WB05N.1.1.0
2025-01-16 20:07:14,111 [WARN] PackLoader:240 - Cannot read IP mode file for STMicroelectronics.X-CUBE-TOUCHGFX.4.23.1
2025-01-16 20:07:14,114 [WARN] PackLoader:240 - Cannot read IP mode file for STMicroelectronics.X-CUBE-TOUCHGFX.4.23.0
2025-01-16 20:07:14,134 [WARN] PackLoader:240 - Cannot read IP mode file for STMicroelectronics.X-CUBE-AZRTOS-F7.1.1.0
2025-01-16 20:07:14,142 [WARN] PackLoader:240 - Cannot read IP mode file for STMicroelectronics.FP-SNS-MOTENV1.4.3.2
2025-01-16 20:07:14,181 [WARN] PackLoader:240 - Cannot read IP mode file for STMicroelectronics.X-CUBE-MEMS1.11.0.0
2025-01-16 20:07:14,301 [WARN] PackLoader:240 - Cannot read IP mode file for STMicroelectronics.FP-SNS-FLIGHT1.5.0.2
2025-01-16 20:07:14,307 [WARN] PackLoader:240 - Cannot read IP mode file for STMicroelectronics.X-CUBE-DISPLAY.3.0.0
2025-01-16 20:07:14,317 [WARN] PackLoader:240 - Cannot read IP mode file for STMicroelectronics.X-CUBE-BLE1.7.0.0
2025-01-16 20:07:14,325 [WARN] PackLoader:240 - Cannot read IP mode file for STMicroelectronics.X-CUBE-NFC10.1.0.0
2025-01-16 20:07:14,340 [WARN] PackLoader:240 - Cannot read IP mode file for STMicroelectronics.X-CUBE-BLEMGR.4.0.0
2025-01-16 20:07:14,351 [WARN] PackLoader:240 - Cannot read IP mode file for emotas.I-CUBE-CANOPEN.1.3.0
2025-01-16 20:07:14,360 [WARN] PackLoader:240 - Cannot read IP mode file for STMicroelectronics.X-CUBE-BLEMGR.3.1.0
2025-01-16 20:07:14,368 [WARN] PackLoader:240 - Cannot read IP mode file for STMicroelectronics.FP-SNS-SMARTAG2.1.2.0
2025-01-16 20:07:14,427 [WARN] PackLoader:240 - Cannot read IP mode file for STMicroelectronics.X-CUBE-MEMS1.11.1.0
2025-01-16 20:07:14,578 [INFO] LogOutputStream:77 - [STDOUT_REDIRECT] 1 : Invalid condition id : UX_CORESTACK_Condition cause : null
2025-01-16 20:07:14,579 [INFO] LogOutputStream:77 - [STDOUT_REDIRECT] 1 : Invalid condition id : UX_CORESTACK_Condition cause : null
2025-01-16 20:07:14,580 [INFO] LogOutputStream:77 - [STDOUT_REDIRECT] 1 : Invalid condition id : UX_CORESTACK_Condition cause : null
2025-01-16 20:07:14,582 [INFO] LogOutputStream:77 - [STDOUT_REDIRECT] 1 : Invalid condition id : UX_CORESTACK_Condition cause : null
2025-01-16 20:07:14,583 [INFO] LogOutputStream:77 - [STDOUT_REDIRECT] 1 : Invalid condition id : UX_CORESTACK_Condition cause : null
2025-01-16 20:07:14,586 [WARN] PackLoader:240 - Cannot read IP mode file for STMicroelectronics.X-CUBE-AZRTOS-WL.2.0.0
2025-01-16 20:07:14,591 [WARN] PackLoader:240 - Cannot read IP mode file for STMicroelectronics.FP-SNS-MOTENV1.5.0.0
2025-01-16 20:07:14,596 [WARN] PackLoader:240 - Cannot read IP mode file for wolfSSL.I-CUBE-wolfMQTT.1.19.0
2025-01-16 20:07:14,603 [WARN] PackLoader:240 - Cannot read IP mode file for WES.I-CUBE-Cesium.1.3.0
2025-01-16 20:07:14,607 [WARN] PackLoader:240 - Cannot read IP mode file for STMicroelectronics.X-CUBE-BLE2.3.3.0
2025-01-16 20:07:14,612 [WARN] PackLoader:240 - Cannot read IP mode file for STMicroelectronics.X-CUBE-NFC9.1.0.0
2025-01-16 20:07:14,618 [WARN] PackLoader:240 - Cannot read IP mode file for STMicroelectronics.X-CUBE-TCPP.4.1.0
2025-01-16 20:07:14,625 [WARN] PackLoader:240 - Cannot read IP mode file for STMicroelectronics.X-CUBE-ALGOBUILD.1.3.0
2025-01-16 20:07:14,639 [WARN] PackLoader:240 - Cannot read IP mode file for STMicroelectronics.X-CUBE-AZRTOS-G0.1.1.0
2025-01-16 20:07:14,650 [WARN] PackLoader:240 - Cannot read IP mode file for STMicroelectronics.X-CUBE-SAFEA1.1.2.2
2025-01-16 20:07:14,657 [WARN] PackLoader:240 - Cannot read IP mode file for STMicroelectronics.X-CUBE-NFC4.3.0.0
2025-01-16 20:07:14,668 [WARN] PackLoader:240 - Cannot read IP mode file for EmbeddedOffice.I-CUBE-FS-RTOS.1.0.1
2025-01-16 20:07:14,669 [ERROR] ConditionMgr:805 - Attr not supported : Dmpu
2025-01-16 20:07:14,669 [ERROR] ConditionMgr:805 - Attr not supported : Dmpu
2025-01-16 20:07:14,669 [ERROR] ConditionMgr:805 - Attr not supported : Dmpu
2025-01-16 20:07:14,669 [ERROR] ConditionMgr:805 - Attr not supported : Dmpu
2025-01-16 20:07:14,669 [ERROR] ConditionMgr:805 - Attr not supported : Dmpu
2025-01-16 20:07:14,669 [ERROR] ConditionMgr:805 - Attr not supported : Dmpu
2025-01-16 20:07:14,669 [ERROR] ConditionMgr:805 - Attr not supported : Dmpu
2025-01-16 20:07:14,669 [ERROR] ConditionMgr:805 - Attr not supported : Dmpu
2025-01-16 20:07:14,669 [ERROR] ConditionMgr:805 - Attr not supported : Dmpu
2025-01-16 20:07:14,669 [ERROR] ConditionMgr:805 - Attr not supported : Dmpu
2025-01-16 20:07:14,669 [ERROR] ConditionMgr:805 - Attr not supported : Dmpu
2025-01-16 20:07:14,669 [ERROR] ConditionMgr:805 - Attr not supported : Dmpu
2025-01-16 20:07:14,670 [ERROR] ConditionMgr:805 - Attr not supported : Dmpu
2025-01-16 20:07:14,670 [ERROR] ConditionMgr:805 - Attr not supported : Dmpu
2025-01-16 20:07:14,670 [ERROR] ConditionMgr:805 - Attr not supported : Dmpu
2025-01-16 20:07:14,670 [ERROR] ConditionMgr:805 - Attr not supported : Dmpu
2025-01-16 20:07:14,670 [ERROR] ConditionMgr:805 - Attr not supported : Dmpu
2025-01-16 20:07:14,670 [ERROR] ConditionMgr:805 - Attr not supported : Dmpu
2025-01-16 20:07:14,670 [ERROR] ConditionMgr:805 - Attr not supported : Dmpu
2025-01-16 20:07:14,670 [ERROR] ConditionMgr:805 - Attr not supported : Dmpu
2025-01-16 20:07:14,670 [ERROR] ConditionMgr:805 - Attr not supported : Dmpu
2025-01-16 20:07:14,670 [ERROR] ConditionMgr:805 - Attr not supported : Dmpu
2025-01-16 20:07:14,670 [ERROR] ConditionMgr:805 - Attr not supported : Dmpu
2025-01-16 20:07:14,670 [ERROR] ConditionMgr:805 - Attr not supported : Dmpu
2025-01-16 20:07:14,670 [ERROR] ConditionMgr:805 - Attr not supported : Dmpu
2025-01-16 20:07:14,670 [ERROR] ConditionMgr:805 - Attr not supported : Dmpu
2025-01-16 20:07:14,670 [ERROR] ConditionMgr:805 - Attr not supported : Dmpu
2025-01-16 20:07:14,671 [ERROR] ConditionMgr:805 - Attr not supported : Dmpu
2025-01-16 20:07:14,671 [ERROR] ConditionMgr:805 - Attr not supported : Dmpu
2025-01-16 20:07:14,671 [ERROR] ConditionMgr:805 - Attr not supported : Dmpu
2025-01-16 20:07:14,671 [ERROR] ConditionMgr:805 - Attr not supported : Dmpu
2025-01-16 20:07:14,671 [ERROR] ConditionMgr:805 - Attr not supported : Dmpu
2025-01-16 20:07:14,671 [ERROR] ConditionMgr:805 - Attr not supported : Dmpu
2025-01-16 20:07:14,671 [ERROR] ConditionMgr:805 - Attr not supported : Dmpu
2025-01-16 20:07:14,671 [ERROR] ConditionMgr:805 - Attr not supported : Dmpu
2025-01-16 20:07:14,671 [ERROR] ConditionMgr:805 - Attr not supported : Dmpu
2025-01-16 20:07:14,671 [ERROR] ConditionMgr:805 - Attr not supported : Dmpu
2025-01-16 20:07:14,671 [ERROR] ConditionMgr:805 - Attr not supported : Dmpu
2025-01-16 20:07:14,671 [ERROR] ConditionMgr:805 - Attr not supported : Dmpu
2025-01-16 20:07:14,671 [ERROR] ConditionMgr:805 - Attr not supported : Dmpu
2025-01-16 20:07:14,671 [ERROR] ConditionMgr:805 - Attr not supported : Dmpu
2025-01-16 20:07:14,671 [ERROR] ConditionMgr:805 - Attr not supported : Dmpu
2025-01-16 20:07:14,671 [ERROR] ConditionMgr:805 - Attr not supported : Dmpu
2025-01-16 20:07:14,671 [ERROR] ConditionMgr:805 - Attr not supported : Dmpu
2025-01-16 20:07:14,671 [ERROR] ConditionMgr:805 - Attr not supported : Dmpu
2025-01-16 20:07:14,671 [ERROR] ConditionMgr:805 - Attr not supported : Dmpu
2025-01-16 20:07:14,672 [ERROR] ConditionMgr:805 - Attr not supported : Dmpu
2025-01-16 20:07:14,672 [ERROR] ConditionMgr:805 - Attr not supported : Dmpu
2025-01-16 20:07:14,672 [ERROR] ConditionMgr:805 - Attr not supported : Dmpu
2025-01-16 20:07:14,672 [ERROR] ConditionMgr:805 - Attr not supported : Dmpu
2025-01-16 20:07:14,672 [ERROR] ConditionMgr:805 - Attr not supported : Dmpu
2025-01-16 20:07:14,672 [ERROR] ConditionMgr:805 - Attr not supported : Dmpu
2025-01-16 20:07:14,672 [ERROR] ConditionMgr:805 - Attr not supported : Dmpu
2025-01-16 20:07:14,672 [ERROR] ConditionMgr:805 - Attr not supported : Dmpu
2025-01-16 20:07:14,672 [ERROR] ConditionMgr:805 - Attr not supported : Dmpu
2025-01-16 20:07:14,672 [ERROR] ConditionMgr:805 - Attr not supported : Dmpu
2025-01-16 20:07:14,672 [ERROR] ConditionMgr:805 - Attr not supported : Dmpu
2025-01-16 20:07:14,672 [ERROR] ConditionMgr:805 - Attr not supported : Dmpu
2025-01-16 20:07:14,672 [ERROR] ConditionMgr:805 - Attr not supported : Dmpu
2025-01-16 20:07:14,672 [ERROR] ConditionMgr:805 - Attr not supported : Dmpu
2025-01-16 20:07:14,672 [ERROR] ConditionMgr:805 - Attr not supported : Dmpu
2025-01-16 20:07:14,672 [ERROR] ConditionMgr:805 - Attr not supported : Dmpu
2025-01-16 20:07:14,672 [ERROR] ConditionMgr:805 - Attr not supported : Dmpu
2025-01-16 20:07:14,672 [ERROR] ConditionMgr:805 - Attr not supported : Dmpu
2025-01-16 20:07:14,682 [WARN] PackLoader:240 - Cannot read IP mode file for STMicroelectronics.X-CUBE-BLEMGR.3.0.0
2025-01-16 20:07:14,694 [ERROR] Engine:466 - C:\Users\Mahadevan\.stm32cubemx\thirdparties\pdsc\STMicroelectronics.X-CUBE-TCPP.4.2.0.pdsc: PDSC version is not supported
2025-01-16 20:07:14,701 [WARN] PackLoader:240 - Cannot read IP mode file for RealThread.X-CUBE-RT-Thread_Nano.4.1.1
2025-01-16 20:07:14,707 [WARN] PackLoader:240 - Cannot read IP mode file for STMicroelectronics.FP-ATR-SIGFOX1.3.2.0
2025-01-16 20:07:14,712 [WARN] ConditionMgr:438 - getConditionDescription Invalid condition id : Cortex-A Device cause : null
2025-01-16 20:07:14,727 [WARN] ConditionMgr:1039 - genDependencies : Invalid condition id : Cortex-A Device cause : null
2025-01-16 20:07:14,729 [WARN] ConditionMgr:1039 - genDependencies : Invalid condition id : Cortex-A Device cause : null
2025-01-16 20:07:14,729 [WARN] ConditionMgr:1039 - genDependencies : Invalid condition id : Cortex-A Device cause : null
2025-01-16 20:07:14,737 [WARN] PackLoader:240 - Cannot read IP mode file for STMicroelectronics.X-CUBE-EEPRMA1.5.1.0
2025-01-16 20:07:14,770 [WARN] PackLoader:240 - Cannot read IP mode file for SEGGER.I-CUBE-embOS.1.3.1
2025-01-16 20:07:14,822 [WARN] PackLoader:240 - Cannot read IP mode file for STMicroelectronics.X-CUBE-ALGOBUILD.1.4.0
2025-01-16 20:07:14,826 [WARN] PackLoader:240 - Cannot read IP mode file for STMicroelectronics.X-CUBE-AI.9.1.0
2025-01-16 20:07:14,834 [WARN] PackLoader:240 - Cannot read IP mode file for STMicroelectronics.X-CUBE-GNSS1.6.0.0
2025-01-16 20:07:14,851 [WARN] PackLoader:240 - Cannot read IP mode file for STMicroelectronics.X-CUBE-AZRTOS-F4.1.1.0
2025-01-16 20:07:14,860 [WARN] PackLoader:240 - Cannot read IP mode file for STMicroelectronics.X-CUBE-ISPU.2.1.0
2025-01-16 20:07:14,866 [WARN] PackLoader:240 - Cannot read IP mode file for STMicroelectronics.X-CUBE-FREERTOS.1.2.0
2025-01-16 20:07:14,870 [WARN] PackLoader:240 - Cannot read IP mode file for wolfSSL.I-CUBE-wolfSSL.5.6.6
2025-01-16 20:07:14,885 [WARN] PackLoader:240 - Cannot read IP mode file for STMicroelectronics.X-CUBE-AZRTOS-L5.2.0.0
2025-01-16 20:07:14,896 [WARN] PackLoader:240 - Cannot read IP mode file for STMicroelectronics.X-CUBE-NFC6.3.1.0
2025-01-16 20:07:14,904 [WARN] PackLoader:240 - Cannot read IP mode file for ITTIA_DB.I-CUBE-ITTIADB.8.8.0
2025-01-16 20:07:14,911 [WARN] PackLoader:240 - Cannot read IP mode file for STMicroelectronics.X-CUBE-DPower.1.2.0
2025-01-16 20:07:14,916 [WARN] PackLoader:240 - Cannot read IP mode file for STMicroelectronics.X-CUBE-AI.9.0.0
2025-01-16 20:07:14,920 [WARN] PackLoader:240 - Cannot read IP mode file for STMicroelectronics.X-CUBE-FREERTOS.1.3.0
2025-01-16 20:07:14,925 [WARN] PackLoader:240 - Cannot read IP mode file for STMicroelectronics.X-CUBE-NFC7.1.0.1
2025-01-16 20:07:14,933 [WARN] PackLoader:240 - Cannot read IP mode file for STMicroelectronics.X-CUBE-NFC6.3.0.0
2025-01-16 20:07:14,938 [WARN] PackLoader:240 - Cannot read IP mode file for STMicroelectronics.X-CUBE-AI.8.1.0
2025-01-16 20:07:14,959 [WARN] ConditionMgr:438 - getConditionDescription Invalid condition id : LAN8742 Phy interface Condition cause : null
2025-01-16 20:07:14,959 [WARN] PackLoader:240 - Cannot read IP mode file for STMicroelectronics.X-CUBE-AZRTOS-L4.2.0.0
2025-01-16 20:07:14,960 [WARN] ConditionMgr:1039 - genDependencies : Invalid condition id : LAN8742 Phy interface Condition cause : null
2025-01-16 20:07:14,960 [WARN] ConditionMgr:1039 - genDependencies : Invalid condition id : LAN8742 Phy interface Condition cause : null
2025-01-16 20:07:14,961 [WARN] ConditionMgr:1039 - genDependencies : Invalid condition id : LAN8742 Phy interface Condition cause : null
2025-01-16 20:07:14,970 [WARN] PackLoader:240 - Cannot read IP mode file for STMicroelectronics.X-CUBE-SFXS2LP1.4.0.0
2025-01-16 20:07:14,992 [WARN] PackLoader:240 - Cannot read IP mode file for STMicroelectronics.X-CUBE-AZRTOS-H7.3.3.0
2025-01-16 20:07:15,005 [WARN] PackLoader:240 - Cannot read IP mode file for STMicroelectronics.X-CUBE-IPS.3.0.0
2025-01-16 20:07:15,023 [WARN] ConditionMgr:438 - getConditionDescription Invalid condition id : UX DEVICE CLASS RTOS Condition cause : null
2025-01-16 20:07:15,024 [WARN] ConditionMgr:438 - getConditionDescription Invalid condition id : UX DEVICE CLASS RTOS Condition cause : null
2025-01-16 20:07:15,025 [WARN] PackLoader:240 - Cannot read IP mode file for STMicroelectronics.X-CUBE-AZRTOS-WB.2.0.0
2025-01-16 20:07:15,026 [WARN] ConditionMgr:1039 - genDependencies : Invalid condition id : UX DEVICE CLASS RTOS Condition cause : null
2025-01-16 20:07:15,026 [WARN] ConditionMgr:1039 - genDependencies : Invalid condition id : UX DEVICE CLASS RTOS Condition cause : null
2025-01-16 20:07:15,028 [WARN] ConditionMgr:1039 - genDependencies : Invalid condition id : UX DEVICE CLASS RTOS Condition cause : null
2025-01-16 20:07:15,028 [WARN] ConditionMgr:1039 - genDependencies : Invalid condition id : UX DEVICE CLASS RTOS Condition cause : null
2025-01-16 20:07:15,028 [WARN] ConditionMgr:1039 - genDependencies : Invalid condition id : UX DEVICE CLASS RTOS Condition cause : null
2025-01-16 20:07:15,033 [WARN] PackLoader:240 - Cannot read IP mode file for STMicroelectronics.X-CUBE-GNSS1.7.0.0
2025-01-16 20:07:15,039 [WARN] PackLoader:240 - Cannot read IP mode file for STMicroelectronics.X-CUBE-GNSS1.7.0.1
2025-01-16 20:07:15,045 [WARN] PackLoader:240 - Cannot read IP mode file for STMicroelectronics.FP-SNS-STBOX1.2.0.0
2025-01-16 20:07:15,057 [WARN] PackLoader:240 - Cannot read IP mode file for STMicroelectronics.X-CUBE-SUBG2.5.0.0
2025-01-16 20:07:15,067 [WARN] PackLoader:240 - Cannot read IP mode file for Cesanta.I-CUBE-Mongoose.7.13.0
2025-01-16 20:07:15,080 [WARN] PackLoader:240 - Cannot read IP mode file for STMicroelectronics.X-CUBE-AZRTOS-G4.2.0.0
2025-01-16 20:07:15,095 [WARN] PackLoader:240 - Cannot read IP mode file for Infineon.AIROC-Wi-Fi-Bluetooth-STM32.1.5.1
2025-01-16 20:07:15,103 [WARN] PackLoader:240 - Cannot read IP mode file for STMicroelectronics.FP-SNS-MOTENVWB1.1.3.1
2025-01-16 20:07:15,107 [WARN] PackLoader:240 - Cannot read IP mode file for STMicroelectronics.X-CUBE-ISPU.2.0.0
2025-01-16 20:07:15,114 [ERROR] Engine:466 - C:\Users\Mahadevan\.stm32cubemx\thirdparties\pdsc\STMicroelectronics.X-CUBE-IPS.3.1.0.pdsc: PDSC version is not supported
2025-01-16 20:07:15,118 [WARN] PackLoader:240 - Cannot read IP mode file for STMicroelectronics.X-CUBE-ALS.1.0.2
2025-01-16 20:07:15,152 [WARN] PackLoader:240 - Cannot read IP mode file for STMicroelectronics.X-CUBE-MEMS1.10.0.0
2025-01-16 20:07:15,255 [WARN] PackLoader:240 - Cannot read IP mode file for STMicroelectronics.X-CUBE-FREERTOS.1.1.0
2025-01-16 20:07:15,260 [WARN] PackLoader:240 - Cannot read IP mode file for STMicroelectronics.X-CUBE-TOUCHGFX.4.24.0
2025-01-16 20:07:15,264 [WARN] PackLoader:240 - Cannot read IP mode file for STMicroelectronics.X-CUBE-TOUCHGFX.4.24.2
2025-01-16 20:07:15,268 [WARN] PackLoader:240 - Cannot read IP mode file for STMicroelectronics.X-CUBE-TOUCHGFX.4.24.1
2025-01-16 20:07:15,273 [WARN] PackLoader:240 - Cannot read IP mode file for wolfSSL.I-CUBE-wolfTPM.3.4.0
2025-01-16 20:07:15,280 [WARN] PackLoader:240 - Cannot read IP mode file for portGmbH.I-Cube-SoM-uGOAL.1.1.0
2025-01-16 20:07:15,284 [WARN] PackLoader:240 - Cannot read IP mode file for STMicroelectronics.X-CUBE-ALS.1.0.1
2025-01-16 20:07:15,310 [WARN] PackLoader:240 - Cannot read IP mode file for STMicroelectronics.X-CUBE-AZRTOS-H7RS.1.0.0
2025-01-16 20:07:15,319 [WARN] PackLoader:240 - Cannot read IP mode file for STMicroelectronics.FP-ATR-ASTRA1.2.0.0
2025-01-16 20:07:15,332 [WARN] PackLoader:240 - Cannot read IP mode file for STMicroelectronics.X-CUBE-TOF1.3.4.2
2025-01-16 20:07:15,357 [WARN] PackLoader:240 - Cannot read IP mode file for STMicroelectronics.X-CUBE-TOF1.3.4.0
2025-01-16 20:07:15,377 [WARN] PackLoader:240 - Cannot read IP mode file for STMicroelectronics.X-CUBE-TOF1.3.4.1
2025-01-16 20:07:15,401 [WARN] PackLoader:240 - Cannot read IP mode file for STMicroelectronics.X-CUBE-AZRTOS-H7.3.2.0
2025-01-16 20:07:15,413 [WARN] PackLoader:240 - Cannot read IP mode file for wolfSSL.I-CUBE-wolfSSH.1.4.17
2025-01-16 20:07:15,414 [INFO] ThirdParty:978 - Integrity check success = true
2025-01-16 20:07:15,414 [INFO] IntegrityCheckThread:100 - exiting critical section [integrity check]
2025-01-16 20:07:15,414 [INFO] IntegrityCheckThread:103 - End integrity checks thread
2025-01-16 20:07:32,550 [ERROR] LogOutputStream:75 - [STDERR_REDIRECT] SLF4J: Failed to load class "org.slf4j.impl.StaticLoggerBinder".
2025-01-16 20:07:32,550 [ERROR] LogOutputStream:75 - [STDERR_REDIRECT] SLF4J: Defaulting to no-operation (NOP) logger implementation
2025-01-16 20:07:32,551 [ERROR] LogOutputStream:75 - [STDERR_REDIRECT] SLF4J: See http://www.slf4j.org/codes.html#StaticLoggerBinder for further details.
2025-01-16 21:55:33,249 [ERROR] LogOutputStream:75 - [STDERR_REDIRECT] 
