2025-01-20 21:04:24,623 [INFO] Activator:176 - 


2025-01-20 21:04:24,631 [INFO] Activator:177 - !SESSION log4j initialized
2025-01-20 21:04:29,006 [INFO] LogOutputStream:77 - [STDOUT_REDIRECT] 
2025-01-20 21:04:36,054 [INFO] ApplicationProperties:184 - Using Application install path: C:\ST\STM32CubeIDE_1.14.1\STM32CubeIDE\plugins\com.st.stm32cube.common.mx_6.10.0.202311202037
2025-01-20 21:04:36,074 [INFO] DbMcusXml:78 - Set database path to: C:\ST\STM32CubeIDE_1.14.1\STM32CubeIDE\plugins\com.st.stm32cube.common.mx_6.10.0.202311202037\\db\/mcu/
2025-01-20 21:04:36,074 [INFO] ApiDb:274 - Set plugin database path to: C:\ST\STM32CubeIDE_1.14.1\STM32CubeIDE\plugins\com.st.stm32cube.common.mx_6.10.0.202311202037\\db\/plugins/boardmanager/
2025-01-20 21:04:36,082 [WARN] ApiDb:259 - Overriding images path with different value:  => C:\ST\STM32CubeIDE_1.14.1\STM32CubeIDE\plugins\com.st.stm32cube.common.mx_6.10.0.202311202037\\db\/plugins/mcufinder/images/
2025-01-20 21:04:36,092 [INFO] ApiDb:250 - Set database path to: C:\Users\Mahadevan\.stmcufinder\plugins\mcufinder//mcu/
2025-01-20 21:04:36,094 [INFO] DbMcusAds:125 - Set database path to: C:\Users\Mahadevan\.stmcufinder\plugins\mcufinder//mcu/
2025-01-20 21:04:36,096 [INFO] CrossReferenceDbSqlite:203 - Set database path to: C:\Users\Mahadevan\.stmcufinder\plugins\mcufinder//mcu/cs/
2025-01-20 21:04:36,204 [INFO] RulesReader:64 - Compatibility file has been processed (297 Rules)
2025-01-20 21:04:36,302 [INFO] DbMcusXml:78 - Set database path to: C:\ST\STM32CubeIDE_1.14.1\STM32CubeIDE\plugins\com.st.stm32cube.common.mx_6.10.0.202311202037\\db\/mcu/
2025-01-20 21:04:36,302 [INFO] ApiDb:274 - Set plugin database path to: C:\ST\STM32CubeIDE_1.14.1\STM32CubeIDE\plugins\com.st.stm32cube.common.mx_6.10.0.202311202037\\db\/plugins/boardmanager/
2025-01-20 21:04:36,302 [INFO] ApiDb:261 - Set plugin images path to: C:\ST\STM32CubeIDE_1.14.1\STM32CubeIDE\plugins\com.st.stm32cube.common.mx_6.10.0.202311202037\\db\/plugins/mcufinder/images/
2025-01-20 21:04:36,303 [WARN] DbFile:41 - Overriding database path with different value: C:\Users\Mahadevan\.stmcufinder\plugins\mcufinder/ => C:\Users\Mahadevan\.stmcufinder\plugins\mcufinder
2025-01-20 21:04:36,303 [INFO] ApiDb:250 - Set database path to: C:\Users\Mahadevan\.stmcufinder\plugins\mcufinder//mcu/
2025-01-20 21:04:36,303 [WARN] DbFile:41 - Overriding database path with different value: C:\Users\Mahadevan\.stmcufinder\plugins\mcufinder/ => C:\Users\Mahadevan\.stmcufinder\plugins\mcufinder
2025-01-20 21:04:36,303 [INFO] DbMcusAds:125 - Set database path to: C:\Users\Mahadevan\.stmcufinder\plugins\mcufinder//mcu/
2025-01-20 21:04:36,303 [WARN] DbFile:41 - Overriding database path with different value: C:\Users\Mahadevan\.stmcufinder\plugins\mcufinder/ => C:\Users\Mahadevan\.stmcufinder\plugins\mcufinder
2025-01-20 21:04:36,303 [WARN] DbFile:41 - Overriding database path with different value: C:\Users\Mahadevan\.stmcufinder\plugins\mcufinder/ => C:\Users\Mahadevan\.stmcufinder\plugins\mcufinder
2025-01-20 21:04:36,303 [INFO] CrossReferenceDbSqlite:203 - Set database path to: C:\Users\Mahadevan\.stmcufinder\plugins\mcufinder//mcu/cs/
2025-01-20 21:04:36,389 [INFO] MainPanel:264 - HeapMemory: 268435456
2025-01-20 21:04:36,486 [INFO] DbMcusXml:78 - Set database path to: C:\ST\STM32CubeIDE_1.14.1\STM32CubeIDE\plugins\com.st.stm32cube.common.mx_6.10.0.202311202037\\db\/mcu/
2025-01-20 21:04:36,486 [INFO] ApiDb:274 - Set plugin database path to: C:\ST\STM32CubeIDE_1.14.1\STM32CubeIDE\plugins\com.st.stm32cube.common.mx_6.10.0.202311202037\\db\/plugins/boardmanager/
2025-01-20 21:04:36,486 [INFO] ApiDb:261 - Set plugin images path to: C:\ST\STM32CubeIDE_1.14.1\STM32CubeIDE\plugins\com.st.stm32cube.common.mx_6.10.0.202311202037\\db\/plugins/mcufinder/images/
2025-01-20 21:04:36,486 [WARN] DbFile:41 - Overriding database path with different value: C:\Users\Mahadevan\.stmcufinder\plugins\mcufinder/ => C:\Users\Mahadevan\.stmcufinder\plugins\mcufinder
2025-01-20 21:04:36,486 [INFO] ApiDb:250 - Set database path to: C:\Users\Mahadevan\.stmcufinder\plugins\mcufinder//mcu/
2025-01-20 21:04:36,486 [WARN] DbFile:41 - Overriding database path with different value: C:\Users\Mahadevan\.stmcufinder\plugins\mcufinder/ => C:\Users\Mahadevan\.stmcufinder\plugins\mcufinder
2025-01-20 21:04:36,486 [INFO] DbMcusAds:125 - Set database path to: C:\Users\Mahadevan\.stmcufinder\plugins\mcufinder//mcu/
2025-01-20 21:04:36,486 [WARN] DbFile:41 - Overriding database path with different value: C:\Users\Mahadevan\.stmcufinder\plugins\mcufinder/ => C:\Users\Mahadevan\.stmcufinder\plugins\mcufinder
2025-01-20 21:04:36,486 [WARN] DbFile:41 - Overriding database path with different value: C:\Users\Mahadevan\.stmcufinder\plugins\mcufinder/ => C:\Users\Mahadevan\.stmcufinder\plugins\mcufinder
2025-01-20 21:04:36,486 [INFO] CrossReferenceDbSqlite:203 - Set database path to: C:\Users\Mahadevan\.stmcufinder\plugins\mcufinder//mcu/cs/
2025-01-20 21:04:36,503 [INFO] ApplicationProperties:184 - Using Application install path: C:\ST\STM32CubeIDE_1.14.1\STM32CubeIDE\plugins\com.st.stm32cube.common.mx_6.10.0.202311202037
2025-01-20 21:04:36,505 [INFO] PluginManage:196 - Search for loadable plugins [exclusion list=, ]
2025-01-20 21:04:36,506 [INFO] PluginManage:310 - Check plugin analytics
2025-01-20 21:04:41,837 [INFO] AnalyticsPlugin:253 - Accepted Software Licenses: STM32CubeMX.6.13.0
2025-01-20 21:04:41,838 [INFO] AnalyticsPlugin:255 - Accepted CMSIS Pack Licenses: 
2025-01-20 21:04:41,838 [INFO] AnalyticsPlugin:257 - Accepted Firmware Licenses: FW.F4.1.28.0
2025-01-20 21:04:41,840 [INFO] PluginManage:359 - Loaded plugin analytics (category:tool,tabindex:-1)
2025-01-20 21:04:41,840 [INFO] PluginManage:310 - Check plugin cadmodel
2025-01-20 21:04:41,845 [INFO] CADModel:105 - Init CAD model plugin
2025-01-20 21:04:41,846 [INFO] PluginManage:359 - Loaded plugin cadmodel (category:power,tabindex:5)
2025-01-20 21:04:41,846 [INFO] PluginManage:310 - Check plugin clock
2025-01-20 21:04:41,856 [INFO] PluginManage:359 - Loaded plugin clock (category:base,tabindex:2)
2025-01-20 21:04:41,857 [INFO] PluginManage:310 - Check plugin ddr
2025-01-20 21:04:41,858 [INFO] PluginManage:359 - Loaded plugin ddr (category:tool,tabindex:6)
2025-01-20 21:04:41,858 [INFO] PluginManage:310 - Check plugin filemanager
2025-01-20 21:04:41,985 [INFO] PluginManage:359 - Loaded plugin filemanager (category:base,tabindex:10)
2025-01-20 21:04:41,985 [INFO] PluginManage:310 - Check plugin ipmanager
2025-01-20 21:04:41,991 [INFO] PluginManage:359 - Loaded plugin ipmanager (category:base,tabindex:5)
2025-01-20 21:04:41,991 [INFO] PluginManage:310 - Check plugin lpbam
2025-01-20 21:04:41,997 [INFO] PluginManage:359 - Loaded plugin lpbam (category:base,tabindex:0)
2025-01-20 21:04:41,998 [INFO] PluginManage:310 - Check plugin memorymap
2025-01-20 21:04:42,009 [INFO] PluginManage:359 - Loaded plugin memorymap (category:base,tabindex:4)
2025-01-20 21:04:42,009 [INFO] PluginManage:310 - Check plugin pinoutandconfiguration
2025-01-20 21:04:42,017 [INFO] PluginManage:359 - Loaded plugin pinoutandconfiguration (category:base,tabindex:1)
2025-01-20 21:04:42,017 [INFO] PluginManage:310 - Check plugin pinoutconfig
2025-01-20 21:04:42,093 [WARN] SupportedApi:132 - Cannot load RTOS API schema: s4s-elt-must-match.1: The content of 'definitions' must match (annotation?, (simpleType | complexType)?, (unique | key | keyref)*)). A problem was found starting at: attribute.
2025-01-20 21:04:42,198 [INFO] PluginManage:359 - Loaded plugin pinoutconfig (category:base,tabindex:0)
2025-01-20 21:04:42,198 [INFO] PluginManage:310 - Check plugin power
2025-01-20 21:04:42,207 [INFO] PluginManage:359 - Loaded plugin power (category:power,tabindex:4)
2025-01-20 21:04:42,208 [INFO] PluginManage:310 - Check plugin projectmanager
2025-01-20 21:04:42,223 [INFO] PluginManage:359 - Loaded plugin projectmanager (category:projectmanager,tabindex:3)
2025-01-20 21:04:42,223 [INFO] PluginManage:310 - Check plugin thirdparty
2025-01-20 21:04:42,333 [INFO] PluginManage:359 - Loaded plugin thirdparty (category:base,tabindex:-1)
2025-01-20 21:04:42,333 [WARN] IntegrityCheckThread:84 - waiting for thirdparty lock release [integrity check]
2025-01-20 21:04:42,333 [INFO] PluginManage:310 - Check plugin tools
2025-01-20 21:04:42,333 [INFO] IntegrityCheckThread:86 - entering critical section [integrity check]
2025-01-20 21:04:42,334 [INFO] ThirdPartyUpdaterWithRetryManager:70 - Updater plugin not ready yet. [1/15]
2025-01-20 21:04:42,336 [INFO] PluginManage:359 - Loaded plugin tools (category:base,tabindex:7)
2025-01-20 21:04:42,336 [INFO] PluginManage:310 - Check plugin tutovideos
2025-01-20 21:04:42,483 [INFO] PluginManage:359 - Loaded plugin tutovideos (category:base,tabindex:-1)
2025-01-20 21:04:42,483 [INFO] PluginManage:310 - Check plugin updater
2025-01-20 21:04:42,494 [INFO] PluginManage:359 - Loaded plugin updater (category:base,tabindex:12)
2025-01-20 21:04:42,494 [INFO] PluginManage:310 - Check plugin userauth
2025-01-20 21:04:42,498 [INFO] UserAuth:114 - Init User Auth plugin
2025-01-20 21:04:42,498 [INFO] PluginManage:359 - Loaded plugin userauth (category:base,tabindex:14)
2025-01-20 21:04:42,498 [INFO] PluginManage:283 - PluginManage : Loaded plugins [17]
2025-01-20 21:04:42,669 [INFO] PinOutPanel:1499 - setPackage(No Configuration,No Configuration)
2025-01-20 21:04:42,726 [INFO] CADModel:165 - CPN selected for project level
2025-01-20 21:04:42,726 [INFO] CADModel:114 - Register for checkConnection events
2025-01-20 21:04:42,740 [INFO] IPUIPlugin:80 - create IPUIPlugin
2025-01-20 21:04:42,740 [INFO] PluginManager:220 - loadIPPluginJar : add adc
2025-01-20 21:04:42,743 [INFO] IPUIPlugin:80 - create IPUIPlugin
2025-01-20 21:04:42,743 [INFO] PluginManager:220 - loadIPPluginJar : add aes
2025-01-20 21:04:42,745 [INFO] IPUIPlugin:80 - create IPUIPlugin
2025-01-20 21:04:42,745 [INFO] PluginManager:220 - loadIPPluginJar : add can
2025-01-20 21:04:42,746 [INFO] IPUIPlugin:80 - create IPUIPlugin
2025-01-20 21:04:42,746 [INFO] PluginManager:220 - loadIPPluginJar : add comp
2025-01-20 21:04:42,749 [INFO] IPUIPlugin:80 - create IPUIPlugin
2025-01-20 21:04:42,749 [INFO] PluginManager:220 - loadIPPluginJar : add cryp
2025-01-20 21:04:42,750 [INFO] IPUIPlugin:80 - create IPUIPlugin
2025-01-20 21:04:42,751 [INFO] PluginManager:220 - loadIPPluginJar : add dfsdm
2025-01-20 21:04:42,755 [INFO] IPUIPlugin:80 - create IPUIPlugin
2025-01-20 21:04:42,755 [INFO] PluginManager:220 - loadIPPluginJar : add dma
2025-01-20 21:04:42,756 [INFO] IPUIPlugin:80 - create IPUIPlugin
2025-01-20 21:04:42,756 [INFO] PluginManager:220 - loadIPPluginJar : add dma3
2025-01-20 21:04:42,757 [INFO] IPUIPlugin:80 - create IPUIPlugin
2025-01-20 21:04:42,757 [INFO] PluginManager:220 - loadIPPluginJar : add fatfs
2025-01-20 21:04:42,761 [INFO] IPUIPlugin:80 - create IPUIPlugin
2025-01-20 21:04:42,761 [INFO] PluginManager:220 - loadIPPluginJar : add fmc
2025-01-20 21:04:42,766 [INFO] IPUIPlugin:80 - create IPUIPlugin
2025-01-20 21:04:42,766 [INFO] PluginManager:220 - loadIPPluginJar : add freertos
2025-01-20 21:04:42,767 [INFO] IPUIPlugin:80 - create IPUIPlugin
2025-01-20 21:04:42,767 [INFO] PluginManager:220 - loadIPPluginJar : add genericplugin
2025-01-20 21:04:42,769 [INFO] IPUIPlugin:80 - create IPUIPlugin
2025-01-20 21:04:42,769 [INFO] PluginManager:220 - loadIPPluginJar : add gfxmmu
2025-01-20 21:04:42,772 [INFO] IPUIPlugin:80 - create IPUIPlugin
2025-01-20 21:04:42,772 [INFO] PluginManager:220 - loadIPPluginJar : add gic
2025-01-20 21:04:42,776 [INFO] IPUIPlugin:80 - create IPUIPlugin
2025-01-20 21:04:42,776 [INFO] PluginManager:220 - loadIPPluginJar : add gpio
2025-01-20 21:04:42,777 [INFO] IPUIPlugin:80 - create IPUIPlugin
2025-01-20 21:04:42,778 [INFO] PluginManager:220 - loadIPPluginJar : add gtzc
2025-01-20 21:04:42,779 [INFO] IPUIPlugin:80 - create IPUIPlugin
2025-01-20 21:04:42,779 [INFO] PluginManager:220 - loadIPPluginJar : add hash
2025-01-20 21:04:42,781 [INFO] IPUIPlugin:80 - create IPUIPlugin
2025-01-20 21:04:42,781 [INFO] PluginManager:220 - loadIPPluginJar : add i2c
2025-01-20 21:04:42,782 [INFO] IPUIPlugin:80 - create IPUIPlugin
2025-01-20 21:04:42,782 [INFO] PluginManager:220 - loadIPPluginJar : add i2s
2025-01-20 21:04:42,784 [INFO] IPUIPlugin:80 - create IPUIPlugin
2025-01-20 21:04:42,784 [INFO] PluginManager:220 - loadIPPluginJar : add i3c
2025-01-20 21:04:42,787 [INFO] IPUIPlugin:80 - create IPUIPlugin
2025-01-20 21:04:42,787 [INFO] PluginManager:220 - loadIPPluginJar : add ipddr
2025-01-20 21:04:42,792 [INFO] IPUIPlugin:80 - create IPUIPlugin
2025-01-20 21:04:42,792 [INFO] PluginManager:220 - loadIPPluginJar : add linkedlist
2025-01-20 21:04:42,795 [INFO] IPUIPlugin:80 - create IPUIPlugin
2025-01-20 21:04:42,795 [INFO] PluginManager:220 - loadIPPluginJar : add lorawan
2025-01-20 21:04:42,796 [INFO] IPUIPlugin:80 - create IPUIPlugin
2025-01-20 21:04:42,796 [INFO] PluginManager:220 - loadIPPluginJar : add ltdc
2025-01-20 21:04:42,800 [INFO] IPUIPlugin:80 - create IPUIPlugin
2025-01-20 21:04:42,801 [INFO] PluginManager:220 - loadIPPluginJar : add mdma
2025-01-20 21:04:42,803 [INFO] IPUIPlugin:80 - create IPUIPlugin
2025-01-20 21:04:42,803 [INFO] PluginManager:220 - loadIPPluginJar : add nvic
2025-01-20 21:04:42,805 [INFO] IPUIPlugin:80 - create IPUIPlugin
2025-01-20 21:04:42,805 [INFO] PluginManager:220 - loadIPPluginJar : add opamp
2025-01-20 21:04:42,807 [INFO] IPUIPlugin:80 - create IPUIPlugin
2025-01-20 21:04:42,808 [INFO] PluginManager:220 - loadIPPluginJar : add openamp
2025-01-20 21:04:42,820 [INFO] IPUIPlugin:80 - create IPUIPlugin
2025-01-20 21:04:42,820 [INFO] PluginManager:220 - loadIPPluginJar : add pdm2pcm
2025-01-20 21:04:42,825 [INFO] IPUIPlugin:80 - create IPUIPlugin
2025-01-20 21:04:42,827 [INFO] PluginManager:220 - loadIPPluginJar : add plateformsettings
2025-01-20 21:04:42,828 [INFO] IPUIPlugin:80 - create IPUIPlugin
2025-01-20 21:04:42,828 [INFO] PluginManager:220 - loadIPPluginJar : add quadspi
2025-01-20 21:04:42,832 [INFO] IPUIPlugin:80 - create IPUIPlugin
2025-01-20 21:04:42,832 [INFO] PluginManager:220 - loadIPPluginJar : add resmgrutility
2025-01-20 21:04:42,838 [INFO] IPUIPlugin:80 - create IPUIPlugin
2025-01-20 21:04:42,838 [INFO] PluginManager:220 - loadIPPluginJar : add sai
2025-01-20 21:04:42,840 [INFO] IPUIPlugin:80 - create IPUIPlugin
2025-01-20 21:04:42,840 [INFO] PluginManager:220 - loadIPPluginJar : add spi
2025-01-20 21:04:42,845 [INFO] IPUIPlugin:80 - create IPUIPlugin
2025-01-20 21:04:42,845 [INFO] PluginManager:220 - loadIPPluginJar : add stm32_wpan
2025-01-20 21:04:42,847 [INFO] IPUIPlugin:80 - create IPUIPlugin
2025-01-20 21:04:42,847 [INFO] PluginManager:220 - loadIPPluginJar : add tim
2025-01-20 21:04:42,850 [INFO] IPUIPlugin:80 - create IPUIPlugin
2025-01-20 21:04:42,850 [INFO] PluginManager:220 - loadIPPluginJar : add touchsensing
2025-01-20 21:04:42,852 [INFO] IPUIPlugin:80 - create IPUIPlugin
2025-01-20 21:04:42,852 [INFO] PluginManager:220 - loadIPPluginJar : add tracer_emb
2025-01-20 21:04:42,854 [INFO] IPUIPlugin:80 - create IPUIPlugin
2025-01-20 21:04:42,854 [INFO] PluginManager:220 - loadIPPluginJar : add ts
2025-01-20 21:04:42,855 [INFO] IPUIPlugin:80 - create IPUIPlugin
2025-01-20 21:04:42,855 [INFO] PluginManager:220 - loadIPPluginJar : add tsc
2025-01-20 21:04:42,856 [INFO] IPUIPlugin:80 - create IPUIPlugin
2025-01-20 21:04:42,857 [INFO] PluginManager:220 - loadIPPluginJar : add ucpd
2025-01-20 21:04:42,858 [INFO] IPUIPlugin:80 - create IPUIPlugin
2025-01-20 21:04:42,858 [INFO] PluginManager:220 - loadIPPluginJar : add usart
2025-01-20 21:04:42,861 [INFO] IPUIPlugin:80 - create IPUIPlugin
2025-01-20 21:04:42,862 [INFO] PluginManager:220 - loadIPPluginJar : add usbx
2025-01-20 21:04:42,979 [INFO] CADModel:165 - CPN selected for project level
2025-01-20 21:04:42,979 [INFO] CADModel:114 - Register for checkConnection events
2025-01-20 21:04:42,979 [FATAL] Updater:308 - Updater called before beeing initialized
2025-01-20 21:04:42,979 [ERROR] CADModel:125 - Updater not yet initialized, retry later 
2025-01-20 21:04:43,092 [INFO] CADModel:165 - CPN selected for project level
2025-01-20 21:04:43,093 [INFO] CADModel:114 - Register for checkConnection events
2025-01-20 21:04:43,093 [FATAL] Updater:308 - Updater called before beeing initialized
2025-01-20 21:04:43,093 [ERROR] CADModel:125 - Updater not yet initialized, retry later 
2025-01-20 21:04:43,096 [FATAL] Updater:308 - Updater called before beeing initialized
2025-01-20 21:04:43,203 [FATAL] Updater:308 - Updater called before beeing initialized
2025-01-20 21:04:43,207 [INFO] DbMcusAds:53 - JSON generation date=Tue Dec 17 21:31:15 IST 2024 (1734451275222)
2025-01-20 21:04:43,207 [FATAL] Updater:308 - Updater called before beeing initialized
2025-01-20 21:04:43,587 [WARN] DetailPanel:346 - Failed to get advertising image, set to default
2025-01-20 21:04:43,661 [FATAL] Updater:308 - Updater called before beeing initialized
2025-01-20 21:04:43,663 [FATAL] Updater:308 - Updater called before beeing initialized
2025-01-20 21:04:43,663 [FATAL] Updater:308 - Updater called before beeing initialized
2025-01-20 21:04:43,663 [WARN] DetailPanel:346 - Failed to get advertising image, set to default
2025-01-20 21:04:43,664 [FATAL] Updater:308 - Updater called before beeing initialized
2025-01-20 21:04:43,701 [ERROR] Updater:1120 - MainUpdater not yet initialized. External WinMGr cannot be set.
2025-01-20 21:04:43,702 [INFO] Updater:1056 - Updater Version found : 6.10.0
2025-01-20 21:04:43,717 [INFO] ApplicationProperties:184 - Using Application install path: C:\ST\STM32CubeIDE_1.14.1\STM32CubeIDE\plugins\com.st.stm32cube.common.mx_6.10.0.202311202037
2025-01-20 21:04:45,284 [ERROR] LogOutputStream:75 - [STDERR_REDIRECT] Jan 20, 2025 9:04:45 PM java.util.prefs.WindowsPreferences <init>
2025-01-20 21:04:45,285 [ERROR] LogOutputStream:75 - [STDERR_REDIRECT] WARNING: Could not open/create prefs root node Software\JavaSoft\Prefs at root 0xffffffff80000002. Windows RegCreateKeyEx(...) returned error code 5.
2025-01-20 21:04:45,285 [ERROR] LogOutputStream:75 - [STDERR_REDIRECT] 
2025-01-20 21:04:45,334 [INFO] ThirdPartyUpdaterWithRetryManager:70 - Updater plugin not ready yet. [2/15]
2025-01-20 21:04:45,955 [INFO] MainUpdater:2873 - connection check result : 10
2025-01-20 21:04:45,955 [INFO] MainUpdater:290 - Updater Check For Update Now.
2025-01-20 21:04:45,955 [INFO] MicroXplorer:498 - Change Database Version : DB.6.0.100
2025-01-20 21:04:45,960 [INFO] McuFinderGlobals:63 - Set McuFinder mode to 2 (CubeIDE integrated)
2025-01-20 21:04:46,122 [INFO] CheckServerUpdateThread:120 - End of CheckServer Thread
2025-01-20 21:04:46,613 [INFO] UserAuth:404 - Internet connection configuration mode: 1
2025-01-20 21:04:46,628 [INFO] JxBrowserEngine:152 - Initiate JxBrowser Engine with user profile folder
2025-01-20 21:04:48,398 [INFO] WebApp:161 - Instantiating new browser for Auth
2025-01-20 21:04:48,663 [WARN] PackLoader:240 - Cannot read IP mode file for STMicroelectronics.FP-SNS-MOTENVWB1.1.4.0
2025-01-20 21:04:48,670 [WARN] PackLoader:240 - Cannot read IP mode file for STMicroelectronics.FP-ATR-ASTRA1.2.0.1
2025-01-20 21:04:48,677 [WARN] PackLoader:240 - Cannot read IP mode file for STMicroelectronics.X-CUBE-SMBUS.2.1.0
2025-01-20 21:04:48,684 [WARN] PackLoader:240 - Cannot read IP mode file for STMicroelectronics.X-CUBE-WB05N.1.1.0
2025-01-20 21:04:48,688 [WARN] PackLoader:240 - Cannot read IP mode file for STMicroelectronics.X-CUBE-TOUCHGFX.4.23.1
2025-01-20 21:04:48,690 [WARN] PackLoader:240 - Cannot read IP mode file for STMicroelectronics.X-CUBE-TOUCHGFX.4.23.0
2025-01-20 21:04:48,723 [WARN] PackLoader:240 - Cannot read IP mode file for STMicroelectronics.X-CUBE-AZRTOS-F7.1.1.0
2025-01-20 21:04:48,735 [WARN] PackLoader:240 - Cannot read IP mode file for STMicroelectronics.FP-SNS-MOTENV1.4.3.2
2025-01-20 21:04:48,794 [WARN] PackLoader:240 - Cannot read IP mode file for STMicroelectronics.X-CUBE-MEMS1.11.0.0
2025-01-20 21:04:48,927 [WARN] PackLoader:240 - Cannot read IP mode file for STMicroelectronics.FP-SNS-FLIGHT1.5.0.2
2025-01-20 21:04:48,939 [WARN] PackLoader:240 - Cannot read IP mode file for STMicroelectronics.X-CUBE-DISPLAY.3.0.0
2025-01-20 21:04:48,952 [WARN] PackLoader:240 - Cannot read IP mode file for STMicroelectronics.X-CUBE-BLE1.7.0.0
2025-01-20 21:04:48,961 [WARN] PackLoader:240 - Cannot read IP mode file for STMicroelectronics.X-CUBE-NFC10.1.0.0
2025-01-20 21:04:48,975 [WARN] PackLoader:240 - Cannot read IP mode file for STMicroelectronics.X-CUBE-BLEMGR.4.0.0
2025-01-20 21:04:48,988 [WARN] PackLoader:240 - Cannot read IP mode file for emotas.I-CUBE-CANOPEN.1.3.0
2025-01-20 21:04:49,006 [WARN] PackLoader:240 - Cannot read IP mode file for STMicroelectronics.X-CUBE-BLEMGR.3.1.0
2025-01-20 21:04:49,018 [WARN] PackLoader:240 - Cannot read IP mode file for STMicroelectronics.FP-SNS-SMARTAG2.1.2.0
2025-01-20 21:04:49,065 [WARN] PackLoader:240 - Cannot read IP mode file for STMicroelectronics.X-CUBE-MEMS1.11.1.0
2025-01-20 21:04:49,193 [INFO] LogOutputStream:77 - [STDOUT_REDIRECT] 1 : Invalid condition id : UX_CORESTACK_Condition cause : null
2025-01-20 21:04:49,194 [INFO] LogOutputStream:77 - [STDOUT_REDIRECT] 1 : Invalid condition id : UX_CORESTACK_Condition cause : null
2025-01-20 21:04:49,195 [INFO] LogOutputStream:77 - [STDOUT_REDIRECT] 1 : Invalid condition id : UX_CORESTACK_Condition cause : null
2025-01-20 21:04:49,196 [INFO] LogOutputStream:77 - [STDOUT_REDIRECT] 1 : Invalid condition id : UX_CORESTACK_Condition cause : null
2025-01-20 21:04:49,196 [INFO] LogOutputStream:77 - [STDOUT_REDIRECT] 1 : Invalid condition id : UX_CORESTACK_Condition cause : null
2025-01-20 21:04:49,201 [WARN] PackLoader:240 - Cannot read IP mode file for STMicroelectronics.X-CUBE-AZRTOS-WL.2.0.0
2025-01-20 21:04:49,207 [WARN] PackLoader:240 - Cannot read IP mode file for STMicroelectronics.FP-SNS-MOTENV1.5.0.0
2025-01-20 21:04:49,217 [WARN] PackLoader:240 - Cannot read IP mode file for wolfSSL.I-CUBE-wolfMQTT.1.19.0
2025-01-20 21:04:49,225 [WARN] PackLoader:240 - Cannot read IP mode file for WES.I-CUBE-Cesium.1.3.0
2025-01-20 21:04:49,233 [WARN] PackLoader:240 - Cannot read IP mode file for STMicroelectronics.X-CUBE-BLE2.3.3.0
2025-01-20 21:04:49,241 [WARN] PackLoader:240 - Cannot read IP mode file for STMicroelectronics.X-CUBE-NFC9.1.0.0
2025-01-20 21:04:49,249 [WARN] PackLoader:240 - Cannot read IP mode file for STMicroelectronics.X-CUBE-TCPP.4.1.0
2025-01-20 21:04:49,256 [WARN] PackLoader:240 - Cannot read IP mode file for STMicroelectronics.X-CUBE-ALGOBUILD.1.3.0
2025-01-20 21:04:49,281 [WARN] PackLoader:240 - Cannot read IP mode file for STMicroelectronics.X-CUBE-AZRTOS-G0.1.1.0
2025-01-20 21:04:49,292 [WARN] PackLoader:240 - Cannot read IP mode file for STMicroelectronics.X-CUBE-SAFEA1.1.2.2
2025-01-20 21:04:49,297 [INFO] WebApp:780 - Register for checkConnection events
2025-01-20 21:04:49,297 [INFO] WebApp:414 - Apply proxy settings
2025-01-20 21:04:49,297 [INFO] WebApp:499 - Chromium requires no authentication
2025-01-20 21:04:49,301 [WARN] PackLoader:240 - Cannot read IP mode file for STMicroelectronics.X-CUBE-NFC4.3.0.0
2025-01-20 21:04:49,311 [WARN] PackLoader:240 - Cannot read IP mode file for EmbeddedOffice.I-CUBE-FS-RTOS.1.0.1
2025-01-20 21:04:49,311 [INFO] WebApp:442 - Direct internet connection detected
2025-01-20 21:04:49,313 [ERROR] ConditionMgr:805 - Attr not supported : Dmpu
2025-01-20 21:04:49,313 [ERROR] ConditionMgr:805 - Attr not supported : Dmpu
2025-01-20 21:04:49,313 [ERROR] ConditionMgr:805 - Attr not supported : Dmpu
2025-01-20 21:04:49,313 [ERROR] ConditionMgr:805 - Attr not supported : Dmpu
2025-01-20 21:04:49,313 [ERROR] ConditionMgr:805 - Attr not supported : Dmpu
2025-01-20 21:04:49,313 [ERROR] ConditionMgr:805 - Attr not supported : Dmpu
2025-01-20 21:04:49,314 [ERROR] ConditionMgr:805 - Attr not supported : Dmpu
2025-01-20 21:04:49,314 [ERROR] ConditionMgr:805 - Attr not supported : Dmpu
2025-01-20 21:04:49,314 [ERROR] ConditionMgr:805 - Attr not supported : Dmpu
2025-01-20 21:04:49,314 [ERROR] ConditionMgr:805 - Attr not supported : Dmpu
2025-01-20 21:04:49,314 [ERROR] ConditionMgr:805 - Attr not supported : Dmpu
2025-01-20 21:04:49,314 [ERROR] ConditionMgr:805 - Attr not supported : Dmpu
2025-01-20 21:04:49,315 [ERROR] ConditionMgr:805 - Attr not supported : Dmpu
2025-01-20 21:04:49,315 [ERROR] ConditionMgr:805 - Attr not supported : Dmpu
2025-01-20 21:04:49,315 [ERROR] ConditionMgr:805 - Attr not supported : Dmpu
2025-01-20 21:04:49,315 [ERROR] ConditionMgr:805 - Attr not supported : Dmpu
2025-01-20 21:04:49,315 [ERROR] ConditionMgr:805 - Attr not supported : Dmpu
2025-01-20 21:04:49,315 [ERROR] ConditionMgr:805 - Attr not supported : Dmpu
2025-01-20 21:04:49,315 [ERROR] ConditionMgr:805 - Attr not supported : Dmpu
2025-01-20 21:04:49,315 [ERROR] ConditionMgr:805 - Attr not supported : Dmpu
2025-01-20 21:04:49,315 [ERROR] ConditionMgr:805 - Attr not supported : Dmpu
2025-01-20 21:04:49,316 [ERROR] ConditionMgr:805 - Attr not supported : Dmpu
2025-01-20 21:04:49,316 [ERROR] ConditionMgr:805 - Attr not supported : Dmpu
2025-01-20 21:04:49,316 [ERROR] ConditionMgr:805 - Attr not supported : Dmpu
2025-01-20 21:04:49,316 [ERROR] ConditionMgr:805 - Attr not supported : Dmpu
2025-01-20 21:04:49,316 [ERROR] ConditionMgr:805 - Attr not supported : Dmpu
2025-01-20 21:04:49,316 [ERROR] ConditionMgr:805 - Attr not supported : Dmpu
2025-01-20 21:04:49,316 [ERROR] ConditionMgr:805 - Attr not supported : Dmpu
2025-01-20 21:04:49,316 [ERROR] ConditionMgr:805 - Attr not supported : Dmpu
2025-01-20 21:04:49,316 [ERROR] ConditionMgr:805 - Attr not supported : Dmpu
2025-01-20 21:04:49,316 [ERROR] ConditionMgr:805 - Attr not supported : Dmpu
2025-01-20 21:04:49,316 [ERROR] ConditionMgr:805 - Attr not supported : Dmpu
2025-01-20 21:04:49,316 [ERROR] ConditionMgr:805 - Attr not supported : Dmpu
2025-01-20 21:04:49,317 [ERROR] ConditionMgr:805 - Attr not supported : Dmpu
2025-01-20 21:04:49,317 [ERROR] ConditionMgr:805 - Attr not supported : Dmpu
2025-01-20 21:04:49,317 [ERROR] ConditionMgr:805 - Attr not supported : Dmpu
2025-01-20 21:04:49,317 [ERROR] ConditionMgr:805 - Attr not supported : Dmpu
2025-01-20 21:04:49,317 [ERROR] ConditionMgr:805 - Attr not supported : Dmpu
2025-01-20 21:04:49,317 [ERROR] ConditionMgr:805 - Attr not supported : Dmpu
2025-01-20 21:04:49,317 [ERROR] ConditionMgr:805 - Attr not supported : Dmpu
2025-01-20 21:04:49,317 [ERROR] ConditionMgr:805 - Attr not supported : Dmpu
2025-01-20 21:04:49,317 [ERROR] ConditionMgr:805 - Attr not supported : Dmpu
2025-01-20 21:04:49,318 [ERROR] ConditionMgr:805 - Attr not supported : Dmpu
2025-01-20 21:04:49,318 [ERROR] ConditionMgr:805 - Attr not supported : Dmpu
2025-01-20 21:04:49,318 [ERROR] ConditionMgr:805 - Attr not supported : Dmpu
2025-01-20 21:04:49,318 [ERROR] ConditionMgr:805 - Attr not supported : Dmpu
2025-01-20 21:04:49,318 [ERROR] ConditionMgr:805 - Attr not supported : Dmpu
2025-01-20 21:04:49,318 [ERROR] ConditionMgr:805 - Attr not supported : Dmpu
2025-01-20 21:04:49,318 [ERROR] ConditionMgr:805 - Attr not supported : Dmpu
2025-01-20 21:04:49,318 [ERROR] ConditionMgr:805 - Attr not supported : Dmpu
2025-01-20 21:04:49,318 [ERROR] ConditionMgr:805 - Attr not supported : Dmpu
2025-01-20 21:04:49,319 [ERROR] ConditionMgr:805 - Attr not supported : Dmpu
2025-01-20 21:04:49,319 [ERROR] ConditionMgr:805 - Attr not supported : Dmpu
2025-01-20 21:04:49,319 [ERROR] ConditionMgr:805 - Attr not supported : Dmpu
2025-01-20 21:04:49,319 [ERROR] ConditionMgr:805 - Attr not supported : Dmpu
2025-01-20 21:04:49,319 [ERROR] ConditionMgr:805 - Attr not supported : Dmpu
2025-01-20 21:04:49,319 [ERROR] ConditionMgr:805 - Attr not supported : Dmpu
2025-01-20 21:04:49,319 [ERROR] ConditionMgr:805 - Attr not supported : Dmpu
2025-01-20 21:04:49,319 [ERROR] ConditionMgr:805 - Attr not supported : Dmpu
2025-01-20 21:04:49,319 [ERROR] ConditionMgr:805 - Attr not supported : Dmpu
2025-01-20 21:04:49,319 [ERROR] ConditionMgr:805 - Attr not supported : Dmpu
2025-01-20 21:04:49,319 [ERROR] ConditionMgr:805 - Attr not supported : Dmpu
2025-01-20 21:04:49,319 [ERROR] ConditionMgr:805 - Attr not supported : Dmpu
2025-01-20 21:04:49,320 [ERROR] ConditionMgr:805 - Attr not supported : Dmpu
2025-01-20 21:04:49,330 [WARN] PackLoader:240 - Cannot read IP mode file for STMicroelectronics.X-CUBE-BLEMGR.3.0.0
2025-01-20 21:04:49,338 [ERROR] Engine:466 - C:\Users\Mahadevan\.stm32cubemx\thirdparties\pdsc\STMicroelectronics.X-CUBE-TCPP.4.2.0.pdsc: PDSC version is not supported
2025-01-20 21:04:49,346 [WARN] PackLoader:240 - Cannot read IP mode file for RealThread.X-CUBE-RT-Thread_Nano.4.1.1
2025-01-20 21:04:49,353 [WARN] PackLoader:240 - Cannot read IP mode file for STMicroelectronics.FP-ATR-SIGFOX1.3.2.0
2025-01-20 21:04:49,366 [WARN] ConditionMgr:438 - getConditionDescription Invalid condition id : Cortex-A Device cause : null
2025-01-20 21:04:49,384 [WARN] ConditionMgr:1039 - genDependencies : Invalid condition id : Cortex-A Device cause : null
2025-01-20 21:04:49,384 [WARN] ConditionMgr:1039 - genDependencies : Invalid condition id : Cortex-A Device cause : null
2025-01-20 21:04:49,384 [WARN] ConditionMgr:1039 - genDependencies : Invalid condition id : Cortex-A Device cause : null
2025-01-20 21:04:49,393 [WARN] PackLoader:240 - Cannot read IP mode file for STMicroelectronics.X-CUBE-EEPRMA1.5.1.0
2025-01-20 21:04:49,427 [WARN] PackLoader:240 - Cannot read IP mode file for SEGGER.I-CUBE-embOS.1.3.1
2025-01-20 21:04:49,462 [WARN] PackLoader:240 - Cannot read IP mode file for STMicroelectronics.X-CUBE-ALGOBUILD.1.4.0
2025-01-20 21:04:49,471 [WARN] PackLoader:240 - Cannot read IP mode file for STMicroelectronics.X-CUBE-AI.9.1.0
2025-01-20 21:04:49,480 [WARN] PackLoader:240 - Cannot read IP mode file for STMicroelectronics.X-CUBE-GNSS1.6.0.0
2025-01-20 21:04:49,494 [WARN] PackLoader:240 - Cannot read IP mode file for STMicroelectronics.X-CUBE-AZRTOS-F4.1.1.0
2025-01-20 21:04:49,505 [WARN] PackLoader:240 - Cannot read IP mode file for STMicroelectronics.X-CUBE-ISPU.2.1.0
2025-01-20 21:04:49,511 [WARN] PackLoader:240 - Cannot read IP mode file for STMicroelectronics.X-CUBE-FREERTOS.1.2.0
2025-01-20 21:04:49,516 [WARN] PackLoader:240 - Cannot read IP mode file for wolfSSL.I-CUBE-wolfSSL.5.6.6
2025-01-20 21:04:49,530 [WARN] PackLoader:240 - Cannot read IP mode file for STMicroelectronics.X-CUBE-AZRTOS-L5.2.0.0
2025-01-20 21:04:49,537 [WARN] PackLoader:240 - Cannot read IP mode file for STMicroelectronics.X-CUBE-NFC6.3.1.0
2025-01-20 21:04:49,546 [WARN] PackLoader:240 - Cannot read IP mode file for ITTIA_DB.I-CUBE-ITTIADB.8.8.0
2025-01-20 21:04:49,551 [WARN] PackLoader:240 - Cannot read IP mode file for STMicroelectronics.X-CUBE-DPower.1.2.0
2025-01-20 21:04:49,556 [WARN] PackLoader:240 - Cannot read IP mode file for STMicroelectronics.X-CUBE-AI.9.0.0
2025-01-20 21:04:49,563 [WARN] PackLoader:240 - Cannot read IP mode file for STMicroelectronics.X-CUBE-FREERTOS.1.3.0
2025-01-20 21:04:49,569 [WARN] PackLoader:240 - Cannot read IP mode file for STMicroelectronics.X-CUBE-NFC7.1.0.1
2025-01-20 21:04:49,577 [WARN] PackLoader:240 - Cannot read IP mode file for STMicroelectronics.X-CUBE-NFC6.3.0.0
2025-01-20 21:04:49,584 [WARN] PackLoader:240 - Cannot read IP mode file for STMicroelectronics.X-CUBE-AI.8.1.0
2025-01-20 21:04:49,599 [WARN] ConditionMgr:438 - getConditionDescription Invalid condition id : LAN8742 Phy interface Condition cause : null
2025-01-20 21:04:49,600 [WARN] PackLoader:240 - Cannot read IP mode file for STMicroelectronics.X-CUBE-AZRTOS-L4.2.0.0
2025-01-20 21:04:49,601 [WARN] ConditionMgr:1039 - genDependencies : Invalid condition id : LAN8742 Phy interface Condition cause : null
2025-01-20 21:04:49,601 [WARN] ConditionMgr:1039 - genDependencies : Invalid condition id : LAN8742 Phy interface Condition cause : null
2025-01-20 21:04:49,602 [WARN] ConditionMgr:1039 - genDependencies : Invalid condition id : LAN8742 Phy interface Condition cause : null
2025-01-20 21:04:49,609 [WARN] PackLoader:240 - Cannot read IP mode file for STMicroelectronics.X-CUBE-SFXS2LP1.4.0.0
2025-01-20 21:04:49,625 [WARN] PackLoader:240 - Cannot read IP mode file for STMicroelectronics.X-CUBE-AZRTOS-H7.3.3.0
2025-01-20 21:04:49,637 [WARN] PackLoader:240 - Cannot read IP mode file for STMicroelectronics.X-CUBE-IPS.3.0.0
2025-01-20 21:04:49,638 [INFO] WebApp:192 - Starting web application
2025-01-20 21:04:49,639 [INFO] WebApp:544 - Web application path used C:\ST\STM32CubeIDE_1.14.1\STM32CubeIDE\plugins\com.st.stm32cube.common.mx_6.10.0.202311202037\db\plugins\mcufinder\reactClient1\index.html
2025-01-20 21:04:49,650 [WARN] ConditionMgr:438 - getConditionDescription Invalid condition id : UX DEVICE CLASS RTOS Condition cause : null
2025-01-20 21:04:49,651 [WARN] ConditionMgr:438 - getConditionDescription Invalid condition id : UX DEVICE CLASS RTOS Condition cause : null
2025-01-20 21:04:49,652 [WARN] PackLoader:240 - Cannot read IP mode file for STMicroelectronics.X-CUBE-AZRTOS-WB.2.0.0
2025-01-20 21:04:49,653 [WARN] ConditionMgr:1039 - genDependencies : Invalid condition id : UX DEVICE CLASS RTOS Condition cause : null
2025-01-20 21:04:49,653 [WARN] ConditionMgr:1039 - genDependencies : Invalid condition id : UX DEVICE CLASS RTOS Condition cause : null
2025-01-20 21:04:49,653 [WARN] ConditionMgr:1039 - genDependencies : Invalid condition id : UX DEVICE CLASS RTOS Condition cause : null
2025-01-20 21:04:49,653 [WARN] ConditionMgr:1039 - genDependencies : Invalid condition id : UX DEVICE CLASS RTOS Condition cause : null
2025-01-20 21:04:49,654 [WARN] ConditionMgr:1039 - genDependencies : Invalid condition id : UX DEVICE CLASS RTOS Condition cause : null
2025-01-20 21:04:49,657 [WARN] PackLoader:240 - Cannot read IP mode file for STMicroelectronics.X-CUBE-GNSS1.7.0.0
2025-01-20 21:04:49,665 [WARN] PackLoader:240 - Cannot read IP mode file for STMicroelectronics.X-CUBE-GNSS1.7.0.1
2025-01-20 21:04:49,671 [WARN] PackLoader:240 - Cannot read IP mode file for STMicroelectronics.FP-SNS-STBOX1.2.0.0
2025-01-20 21:04:49,682 [WARN] PackLoader:240 - Cannot read IP mode file for STMicroelectronics.X-CUBE-SUBG2.5.0.0
2025-01-20 21:04:49,694 [WARN] PackLoader:240 - Cannot read IP mode file for Cesanta.I-CUBE-Mongoose.7.13.0
2025-01-20 21:04:49,718 [WARN] PackLoader:240 - Cannot read IP mode file for STMicroelectronics.X-CUBE-AZRTOS-G4.2.0.0
2025-01-20 21:04:49,738 [WARN] PackLoader:240 - Cannot read IP mode file for Infineon.AIROC-Wi-Fi-Bluetooth-STM32.1.5.1
2025-01-20 21:04:49,750 [WARN] PackLoader:240 - Cannot read IP mode file for STMicroelectronics.FP-SNS-MOTENVWB1.1.3.1
2025-01-20 21:04:49,757 [WARN] PackLoader:240 - Cannot read IP mode file for STMicroelectronics.X-CUBE-ISPU.2.0.0
2025-01-20 21:04:49,770 [ERROR] Engine:466 - C:\Users\Mahadevan\.stm32cubemx\thirdparties\pdsc\STMicroelectronics.X-CUBE-IPS.3.1.0.pdsc: PDSC version is not supported
2025-01-20 21:04:49,775 [WARN] PackLoader:240 - Cannot read IP mode file for STMicroelectronics.X-CUBE-ALS.1.0.2
2025-01-20 21:04:49,865 [WARN] PackLoader:240 - Cannot read IP mode file for STMicroelectronics.X-CUBE-MEMS1.10.0.0
2025-01-20 21:04:50,025 [WARN] PackLoader:240 - Cannot read IP mode file for STMicroelectronics.X-CUBE-FREERTOS.1.1.0
2025-01-20 21:04:50,033 [WARN] PackLoader:240 - Cannot read IP mode file for STMicroelectronics.X-CUBE-TOUCHGFX.4.24.0
2025-01-20 21:04:50,038 [WARN] PackLoader:240 - Cannot read IP mode file for STMicroelectronics.X-CUBE-TOUCHGFX.4.24.2
2025-01-20 21:04:50,043 [WARN] PackLoader:240 - Cannot read IP mode file for STMicroelectronics.X-CUBE-TOUCHGFX.4.24.1
2025-01-20 21:04:50,050 [WARN] PackLoader:240 - Cannot read IP mode file for wolfSSL.I-CUBE-wolfTPM.3.4.0
2025-01-20 21:04:50,056 [WARN] PackLoader:240 - Cannot read IP mode file for portGmbH.I-Cube-SoM-uGOAL.1.1.0
2025-01-20 21:04:50,064 [WARN] PackLoader:240 - Cannot read IP mode file for STMicroelectronics.X-CUBE-ALS.1.0.1
2025-01-20 21:04:50,083 [WARN] PackLoader:240 - Cannot read IP mode file for STMicroelectronics.X-CUBE-AZRTOS-H7RS.1.0.0
2025-01-20 21:04:50,091 [WARN] PackLoader:240 - Cannot read IP mode file for STMicroelectronics.FP-ATR-ASTRA1.2.0.0
2025-01-20 21:04:50,103 [WARN] PackLoader:240 - Cannot read IP mode file for STMicroelectronics.X-CUBE-TOF1.3.4.2
2025-01-20 21:04:50,124 [WARN] PackLoader:240 - Cannot read IP mode file for STMicroelectronics.X-CUBE-TOF1.3.4.0
2025-01-20 21:04:50,152 [WARN] PackLoader:240 - Cannot read IP mode file for STMicroelectronics.X-CUBE-TOF1.3.4.1
2025-01-20 21:04:50,190 [WARN] PackLoader:240 - Cannot read IP mode file for STMicroelectronics.X-CUBE-AZRTOS-H7.3.2.0
2025-01-20 21:04:50,200 [WARN] PackLoader:240 - Cannot read IP mode file for wolfSSL.I-CUBE-wolfSSH.1.4.17
2025-01-20 21:04:50,202 [INFO] ThirdParty:978 - Integrity check success = true
2025-01-20 21:04:50,202 [INFO] IntegrityCheckThread:100 - exiting critical section [integrity check]
2025-01-20 21:04:50,202 [INFO] IntegrityCheckThread:103 - End integrity checks thread
2025-01-20 21:05:10,331 [ERROR] LogOutputStream:75 - [STDERR_REDIRECT] SLF4J: Failed to load class "org.slf4j.impl.StaticLoggerBinder".
2025-01-20 21:05:10,332 [ERROR] LogOutputStream:75 - [STDERR_REDIRECT] SLF4J: Defaulting to no-operation (NOP) logger implementation
2025-01-20 21:05:10,333 [ERROR] LogOutputStream:75 - [STDERR_REDIRECT] SLF4J: See http://www.slf4j.org/codes.html#StaticLoggerBinder for further details.
2025-01-20 21:39:10,750 [ERROR] ConfigurationRetriever:142 - IOException on connection: Read timed out
